-=-=-=-=-=-=-=-=-=-=-=-=-=-=-  Začátek souboje  -=-=-=-=-=-=-=-=-=-=-=-=-=-=-=-
Zdraví první armády na začátku: 150
Síla první armády na začátku: 40
Obrana první armády na začátku: 0.1
Obratnost první armády na začátku: 40
Šance na vyhnutí první armády: 45.454545454545
-=-=-=-=-=-=-=-=-=-=-=-=-=-=-
Zdraví druhé armády na začátku: 180
Síla druhé armády na začátku: 48
Obrana druhé armády na začátku: 0.16666666666667
Obratnost první armády na začátku: 48
Šance na vyhnutí druhé armády: 54.545454545455
-=-=-=-=-=-=-=-=-=-=-=-=-=-=-  Konec souboje  -=-=-=-=-=-=-=-=-=-=-=-=-=-=-=-
Obrana první armády: 0.1
Zdraví druhé armády: 0.16666666666667
-=-=-=-=-=-=-=-=-=-=-=-=-  0. kolo  -=-=-=-=-=-=-=-=-=-=-=-=-
Zdraví první armády: 150
Zdraví druhé armády: 180
Obrana první armády: 0.1
Zdraví druhé armády: 0.16666666666667
-=-=-=-=-=-=-=-=-=-=-=-=-  1. kolo  -=-=-=-=-=-=-=-=-=-=-=-=-
Zdraví první armády: 141.1008
Zdraví druhé armády: 176.53333333333
Obrana první armády: 0.1
Zdraví druhé armády: 0.16666666666667
-=-=-=-=-=-=-=-=-=-=-=-=-  2. kolo  -=-=-=-=-=-=-=-=-=-=-=-=-
Zdraví první armády: 136.2624
Zdraví druhé armády: 171.66666666667
První armáda uhnula!
Obrana první armády: 0.1
Zdraví druhé armády: 0.16666666666667
-=-=-=-=-=-=-=-=-=-=-=-=-  3. kolo  -=-=-=-=-=-=-=-=-=-=-=-=-
Zdraví první armády: 132.99648
Zdraví druhé armády: 168.33333333333
První armáda uhnula!
Obrana první armády: 0.1
Zdraví druhé armády: 0.16666666666667
-=-=-=-=-=-=-=-=-=-=-=-=-  4. kolo  -=-=-=-=-=-=-=-=-=-=-=-=-
Zdraví první armády: 130.316352
Zdraví druhé armády: 165.26666666667
Obrana první armády: 0.1
Zdraví druhé armády: 0.16666666666667
-=-=-=-=-=-=-=-=-=-=-=-=-  5. kolo  -=-=-=-=-=-=-=-=-=-=-=-=-
Zdraví první armády: 122.367552
Zdraví druhé armády: 162.73333333333
Obrana první armády: 0.1
Zdraví druhé armády: 0.16666666666667
-=-=-=-=-=-=-=-=-=-=-=-=-  6. kolo  -=-=-=-=-=-=-=-=-=-=-=-=-
Zdraví první armády: 118.133952
Zdraví druhé armády: 157.46666666667
První armáda uhnula!
Obrana první armády: 0.1
Zdraví druhé armády: 0.16666666666667
-=-=-=-=-=-=-=-=-=-=-=-=-  7. kolo  -=-=-=-=-=-=-=-=-=-=-=-=-
Zdraví první armády: 115.535904
Zdraví druhé armády: 152.93333333333
Obrana první armády: 0.1
Zdraví druhé armády: 0.16666666666667
-=-=-=-=-=-=-=-=-=-=-=-=-  8. kolo  -=-=-=-=-=-=-=-=-=-=-=-=-
Zdraví první armády: 109.747104
Zdraví druhé armády: 149.73333333333
Obrana první armády: 0.1
Zdraví druhé armády: 0.16666666666667
-=-=-=-=-=-=-=-=-=-=-=-=-  9. kolo  -=-=-=-=-=-=-=-=-=-=-=-=-
Zdraví první armády: 100.588704
Zdraví druhé armády: 143.2
Obrana první armády: 0.1
Zdraví druhé armády: 0.16666666666667
-=-=-=-=-=-=-=-=-=-=-=-=-  10. kolo  -=-=-=-=-=-=-=-=-=-=-=-=-
Zdraví první armády: 91.343904
Zdraví druhé armády: 138.6
První armáda uhnula!
Obrana první armády: 0.1
Zdraví druhé armády: 0.16666666666667
-=-=-=-=-=-=-=-=-=-=-=-=-  11. kolo  -=-=-=-=-=-=-=-=-=-=-=-=-
Zdraví první armády: 89.577888
Zdraví druhé armády: 134.33333333333
První armáda uhnula!
Obrana první armády: 0.1
Zdraví druhé armády: 0.16666666666667
-=-=-=-=-=-=-=-=-=-=-=-=-  12. kolo  -=-=-=-=-=-=-=-=-=-=-=-=-
Zdraví první armády: 88.66032
Zdraví druhé armády: 127
Obrana první armády: 0.1
Zdraví druhé armády: 0.16666666666667
-=-=-=-=-=-=-=-=-=-=-=-=-  13. kolo  -=-=-=-=-=-=-=-=-=-=-=-=-
Zdraví první armády: 80.71152
Zdraví druhé armády: 124.46666666667
Obrana první armády: 0.1
Zdraví druhé armády: 0.16666666666667
-=-=-=-=-=-=-=-=-=-=-=-=-  14. kolo  -=-=-=-=-=-=-=-=-=-=-=-=-
Zdraví první armády: 74.92272
Zdraví druhé armády: 120
Obrana první armády: 0.1
Zdraví druhé armády: 0.16666666666667
-=-=-=-=-=-=-=-=-=-=-=-=-  15. kolo  -=-=-=-=-=-=-=-=-=-=-=-=-
Zdraví první armády: 67.06032
Zdraví druhé armády: 115.33333333333
Obrana první armády: 0.1
Zdraví druhé armády: 0.16666666666667
-=-=-=-=-=-=-=-=-=-=-=-=-  16. kolo  -=-=-=-=-=-=-=-=-=-=-=-=-
Zdraví první armády: 59.62992
Zdraví druhé armády: 108.4
Obrana první armády: 0.1
Zdraví druhé armády: 0.16666666666667
-=-=-=-=-=-=-=-=-=-=-=-=-  17. kolo  -=-=-=-=-=-=-=-=-=-=-=-=-
Zdraví první armády: 52.71792
Zdraví druhé armády: 102
Obrana první armády: 0.1
Zdraví druhé armády: 0.16666666666667
-=-=-=-=-=-=-=-=-=-=-=-=-  18. kolo  -=-=-=-=-=-=-=-=-=-=-=-=-
Zdraví první armády: 43.12752
Zdraví druhé armády: 98.133333333333
Obrana první armády: 0.1
Zdraví druhé armády: 0.16666666666667
-=-=-=-=-=-=-=-=-=-=-=-=-  19. kolo  -=-=-=-=-=-=-=-=-=-=-=-=-
Zdraví první armády: 36.21552
Zdraví druhé armády: 95.533333333333
První armáda uhnula!
Obrana první armády: 0.1
Zdraví druhé armády: 0.16666666666667
-=-=-=-=-=-=-=-=-=-=-=-=-  20. kolo  -=-=-=-=-=-=-=-=-=-=-=-=-
Zdraví první armády: 35.58048
Zdraví druhé armády: 91.6
První armáda uhnula!
Obrana první armády: 0.1
Zdraví druhé armády: 0.16666666666667
-=-=-=-=-=-=-=-=-=-=-=-=-  21. kolo  -=-=-=-=-=-=-=-=-=-=-=-=-
Zdraví první armády: 31.443648
Zdraví druhé armády: 88.933333333333
První armáda uhnula!
Obrana první armády: 0.1
Zdraví druhé armády: 0.16666666666667
-=-=-=-=-=-=-=-=-=-=-=-=-  22. kolo  -=-=-=-=-=-=-=-=-=-=-=-=-
Zdraví první armády: 29.909184
Zdraví druhé armády: 84.6
První armáda uhnula!
Obrana první armády: 0.1
Zdraví druhé armády: 0.16666666666667
-=-=-=-=-=-=-=-=-=-=-=-=-  23. kolo  -=-=-=-=-=-=-=-=-=-=-=-=-
Zdraví první armády: 28.381632
Zdraví druhé armády: 79.866666666667
Obrana první armády: 0.1
Zdraví druhé armády: 0.16666666666667
-=-=-=-=-=-=-=-=-=-=-=-=-  24. kolo  -=-=-=-=-=-=-=-=-=-=-=-=-
Zdraví první armády: 20.778432
Zdraví druhé armády: 76.133333333333
První armáda uhnula!
Obrana první armády: 0.1
Zdraví druhé armády: 0.16666666666667
-=-=-=-=-=-=-=-=-=-=-=-=-  25. kolo  -=-=-=-=-=-=-=-=-=-=-=-=-
Zdraví první armády: 16.970784
Zdraví druhé armády: 71.2
První armáda uhnula!
Obrana první armády: 0.1
Zdraví druhé armády: 0.16666666666667
-=-=-=-=-=-=-=-=-=-=-=-=-  26. kolo  -=-=-=-=-=-=-=-=-=-=-=-=-
Zdraví první armády: 14.983584
Zdraví druhé armády: 66.133333333333
Obrana první armády: 0.1
Zdraví druhé armády: 0.16666666666667
-=-=-=-=-=-=-=-=-=-=-=-=-  27. kolo  -=-=-=-=-=-=-=-=-=-=-=-=-
Zdraví první armády: 5.306784
Zdraví druhé armády: 60.266666666667
