-=-=-=-=-=-=-=-=-=-=-=-=-=-=-  Začátek souboje  -=-=-=-=-=-=-=-=-=-=-=-=-=-=-=-
Zdraví první armády na začátku: 165
Síla první armády na začátku: 44
Obrana první armády na začátku: 0.090909090909091
Obratnost první armády na začátku: 44
Šance na vyhnutí první armády: 52.380952380952
-=-=-=-=-=-=-=-=-=-=-=-=-=-=-
Zdraví druhé armády na začátku: 150
Síla druhé armády na začátku: 40
Obrana druhé armády na začátku: 0.1
Obratnost první armády na začátku: 40
Šance na vyhnutí druhé armády: 47.619047619048
-=-=-=-=-=-=-=-=-=-=-=-=-=-=-  Konec souboje  -=-=-=-=-=-=-=-=-=-=-=-=-=-=-=-
Obrana první armády: 0.090909090909091
Zdraví druhé armády: 0.1
-=-=-=-=-=-=-=-=-=-=-=-=-  0. kolo  -=-=-=-=-=-=-=-=-=-=-=-=-
Zdraví první armády: 165
Zdraví druhé armády: 150
Obrana první armády: 0.090909090909091
Zdraví druhé armády: 0.1
-=-=-=-=-=-=-=-=-=-=-=-=-  1. kolo  -=-=-=-=-=-=-=-=-=-=-=-=-
Zdraví první armády: 159.69090909091
Zdraví druhé armády: 146.5152
První armáda uhnula!
Obrana první armády: 0.090909090909091
Zdraví druhé armády: 0.1
-=-=-=-=-=-=-=-=-=-=-=-=-  2. kolo  -=-=-=-=-=-=-=-=-=-=-=-=-
Zdraví první armády: 156.38109090909
Zdraví druhé armády: 140.3376
Obrana první armády: 0.090909090909091
Zdraví druhé armády: 0.1
-=-=-=-=-=-=-=-=-=-=-=-=-  3. kolo  -=-=-=-=-=-=-=-=-=-=-=-=-
Zdraví první armády: 152.74472727273
Zdraví druhé armády: 136.932
Obrana první armády: 0.090909090909091
Zdraví druhé armády: 0.1
-=-=-=-=-=-=-=-=-=-=-=-=-  4. kolo  -=-=-=-=-=-=-=-=-=-=-=-=-
Zdraví první armády: 148.52654545455
Zdraví druhé armády: 129.3288
Obrana první armády: 0.090909090909091
Zdraví druhé armády: 0.1
-=-=-=-=-=-=-=-=-=-=-=-=-  5. kolo  -=-=-=-=-=-=-=-=-=-=-=-=-
Zdraví první armády: 143.58109090909
Zdraví druhé armády: 124.4184
Obrana první armády: 0.090909090909091
Zdraví druhé armády: 0.1
-=-=-=-=-=-=-=-=-=-=-=-=-  6. kolo  -=-=-=-=-=-=-=-=-=-=-=-=-
Zdraví první armády: 140.23563636364
Zdraví druhé armády: 119.112
První armáda uhnula!
Obrana první armády: 0.090909090909091
Zdraví druhé armády: 0.1
-=-=-=-=-=-=-=-=-=-=-=-=-  7. kolo  -=-=-=-=-=-=-=-=-=-=-=-=-
Zdraví první armády: 139.328
Zdraví druhé armády: 112.776
Obrana první armády: 0.090909090909091
Zdraví druhé armády: 0.1
-=-=-=-=-=-=-=-=-=-=-=-=-  8. kolo  -=-=-=-=-=-=-=-=-=-=-=-=-
Zdraví první armády: 134.81890909091
Zdraví druhé armády: 104.7768
Obrana první armády: 0.090909090909091
Zdraví druhé armády: 0.1
-=-=-=-=-=-=-=-=-=-=-=-=-  9. kolo  -=-=-=-=-=-=-=-=-=-=-=-=-
Zdraví první armády: 131.54618181818
Zdraví druhé armády: 97.8072
Obrana první armády: 0.090909090909091
Zdraví druhé armády: 0.1
-=-=-=-=-=-=-=-=-=-=-=-=-  10. kolo  -=-=-=-=-=-=-=-=-=-=-=-=-
Zdraví první armády: 127.18254545455
Zdraví druhé armády: 91.9464
Obrana první armády: 0.090909090909091
Zdraví druhé armády: 0.1
-=-=-=-=-=-=-=-=-=-=-=-=-  11. kolo  -=-=-=-=-=-=-=-=-=-=-=-=-
Zdraví první armády: 119.61890909091
Zdraví druhé armády: 82.9968
První armáda uhnula!
Obrana první armády: 0.090909090909091
Zdraví druhé armády: 0.1
-=-=-=-=-=-=-=-=-=-=-=-=-  12. kolo  -=-=-=-=-=-=-=-=-=-=-=-=-
Zdraví první armády: 117.14618181818
Zdraví druhé armády: 74.0472
První armáda uhnula!
Obrana první armády: 0.090909090909091
Zdraví druhé armády: 0.1
-=-=-=-=-=-=-=-=-=-=-=-=-  13. kolo  -=-=-=-=-=-=-=-=-=-=-=-=-
Zdraví první armády: 115.80436363636
Zdraví druhé armády: 69.8496
Obrana první armády: 0.090909090909091
Zdraví druhé armády: 0.1
-=-=-=-=-=-=-=-=-=-=-=-=-  14. kolo  -=-=-=-=-=-=-=-=-=-=-=-=-
Zdraví první armády: 108.53163636364
Zdraví druhé armády: 66.2064
Obrana první armády: 0.090909090909091
Zdraví druhé armády: 0.1
-=-=-=-=-=-=-=-=-=-=-=-=-  15. kolo  -=-=-=-=-=-=-=-=-=-=-=-=-
Zdraví první armády: 105.47709090909
Zdraví druhé armády: 58.9992
Obrana první armády: 0.090909090909091
Zdraví druhé armády: 0.1
-=-=-=-=-=-=-=-=-=-=-=-=-  16. kolo  -=-=-=-=-=-=-=-=-=-=-=-=-
Zdraví první armády: 99.804363636364
Zdraví druhé armády: 51.5544
První armáda uhnula!
Obrana první armády: 0.090909090909091
Zdraví druhé armády: 0.1
-=-=-=-=-=-=-=-=-=-=-=-=-  17. kolo  -=-=-=-=-=-=-=-=-=-=-=-=-
Zdraví první armády: 96.405090909091
Zdraví druhé armády: 44.5056
Obrana první armády: 0.090909090909091
Zdraví druhé armády: 0.1
-=-=-=-=-=-=-=-=-=-=-=-=-  18. kolo  -=-=-=-=-=-=-=-=-=-=-=-=-
Zdraví první armády: 89.932363636364
Zdraví druhé armády: 40.704
Obrana první armády: 0.090909090909091
Zdraví druhé armády: 0.1
-=-=-=-=-=-=-=-=-=-=-=-=-  19. kolo  -=-=-=-=-=-=-=-=-=-=-=-=-
Zdraví první armády: 84.914181818182
Zdraví druhé armády: 36.9024
První armáda uhnula!
Obrana první armády: 0.090909090909091
Zdraví druhé armády: 0.1
-=-=-=-=-=-=-=-=-=-=-=-=-  20. kolo  -=-=-=-=-=-=-=-=-=-=-=-=-
Zdraví první armády: 82.859636363636
Zdraví druhé armády: 33.2592
Obrana první armády: 0.090909090909091
Zdraví druhé armády: 0.1
-=-=-=-=-=-=-=-=-=-=-=-=-  21. kolo  -=-=-=-=-=-=-=-=-=-=-=-=-
Zdraví první armády: 80.023272727273
Zdraví druhé armády: 26.6856
Obrana první armády: 0.090909090909091
Zdraví druhé armády: 0.1
-=-=-=-=-=-=-=-=-=-=-=-=-  22. kolo  -=-=-=-=-=-=-=-=-=-=-=-=-
Zdraví první armády: 77.332363636364
Zdraví druhé armády: 19.9536
Obrana první armády: 0.090909090909091
Zdraví druhé armády: 0.1
-=-=-=-=-=-=-=-=-=-=-=-=-  23. kolo  -=-=-=-=-=-=-=-=-=-=-=-=-
Zdraví první armády: 70.132363636364
Zdraví druhé armády: 11.2416
Obrana první armády: 0.090909090909091
Zdraví druhé armády: 0.1
-=-=-=-=-=-=-=-=-=-=-=-=-  24. kolo  -=-=-=-=-=-=-=-=-=-=-=-=-
Zdraví první armády: 64.386909090909
Zdraví druhé armády: 3.5592
První armáda uhnula!
