-=-=-=-=-=-=-=-=-=-=-=-=-=-=-  Začátek souboje  -=-=-=-=-=-=-=-=-=-=-=-=-=-=-=-
Zdraví první armády na začátku: 825
Síla první armády na začátku: 148
Obrana první armády na začátku: 0.25373134328358
Obratnost první armády na začátku: 152
Šance na vyhnutí první armády: 47.648902821317
-=-=-=-=-=-=-=-=-=-=-=-=-=-=-
Zdraví druhé armády na začátku: 890
Síla druhé armády na začátku: 141
Obrana druhé armády na začátku: 0.1
Obratnost první armády na začátku: 167
Šance na vyhnutí druhé armády: 52.351097178683
-=-=-=-=-=-=-=-=-=-=-=-=-=-=-  Konec souboje  -=-=-=-=-=-=-=-=-=-=-=-=-=-=-=-
Obrana první armády: 0.25373134328358
Zdraví druhé armády: 0.1
-=-=-=-=-=-=-=-=-=-=-=-=-  0. kolo  -=-=-=-=-=-=-=-=-=-=-=-=-
Zdraví první armády: 825
Zdraví druhé armády: 890
Obrana první armády: 0.25373134328358
Zdraví druhé armády: 0.1
-=-=-=-=-=-=-=-=-=-=-=-=-  1. kolo  -=-=-=-=-=-=-=-=-=-=-=-=-
Zdraví první armády: 790.48656716418
Zdraví druhé armády: 850.04
První armáda uhnula!
Obrana první armády: 0.25373134328358
Zdraví druhé armády: 0.1
-=-=-=-=-=-=-=-=-=-=-=-=-  2. kolo  -=-=-=-=-=-=-=-=-=-=-=-=-
Zdraví první armády: 787.48768656716
Zdraví druhé armády: 801.8216
Obrana první armády: 0.25373134328358
Zdraví druhé armády: 0.1
-=-=-=-=-=-=-=-=-=-=-=-=-  3. kolo  -=-=-=-=-=-=-=-=-=-=-=-=-
Zdraví první armády: 754.02649253731
Zdraví druhé armády: 773.8496
Obrana první armády: 0.25373134328358
Zdraví druhé armády: 0.1
-=-=-=-=-=-=-=-=-=-=-=-=-  4. kolo  -=-=-=-=-=-=-=-=-=-=-=-=-
Zdraví první armády: 720.77574626866
Zdraví druhé armády: 756.2672
Obrana první armády: 0.25373134328358
Zdraví druhé armády: 0.1
-=-=-=-=-=-=-=-=-=-=-=-=-  5. kolo  -=-=-=-=-=-=-=-=-=-=-=-=-
Zdraví první armády: 697.20559701493
Zdraví druhé armády: 713.6432
První armáda uhnula!
Obrana první armády: 0.25373134328358
Zdraví druhé armády: 0.1
-=-=-=-=-=-=-=-=-=-=-=-=-  6. kolo  -=-=-=-=-=-=-=-=-=-=-=-=-
Zdraví první armády: 689.96619402985
Zdraví druhé armády: 675.0152
Obrana první armády: 0.25373134328358
Zdraví druhé armády: 0.1
-=-=-=-=-=-=-=-=-=-=-=-=-  7. kolo  -=-=-=-=-=-=-=-=-=-=-=-=-
Zdraví první armády: 676.70798507463
Zdraví druhé armády: 649.7072
První armáda uhnula!
Obrana první armády: 0.25373134328358
Zdraví druhé armády: 0.1
-=-=-=-=-=-=-=-=-=-=-=-=-  8. kolo  -=-=-=-=-=-=-=-=-=-=-=-=-
Zdraví první armády: 671.97291044776
Zdraví druhé armády: 621.7352
Obrana první armády: 0.25373134328358
Zdraví druhé armády: 0.1
-=-=-=-=-=-=-=-=-=-=-=-=-  9. kolo  -=-=-=-=-=-=-=-=-=-=-=-=-
Zdraví první armády: 652.61171641791
Zdraví druhé armády: 579.3776
Obrana první armády: 0.25373134328358
Zdraví druhé armády: 0.1
-=-=-=-=-=-=-=-=-=-=-=-=-  10. kolo  -=-=-=-=-=-=-=-=-=-=-=-=-
Zdraví první armády: 637.24902985075
Zdraví druhé armády: 544.7456
Obrana první armády: 0.25373134328358
Zdraví druhé armády: 0.1
-=-=-=-=-=-=-=-=-=-=-=-=-  11. kolo  -=-=-=-=-=-=-=-=-=-=-=-=-
Zdraví první armády: 603.15649253731
Zdraví druhé armády: 500.5232
Obrana první armády: 0.25373134328358
Zdraví druhé armády: 0.1
-=-=-=-=-=-=-=-=-=-=-=-=-  12. kolo  -=-=-=-=-=-=-=-=-=-=-=-=-
Zdraví první armády: 570.95798507463
Zdraví druhé armády: 490.1336
Obrana první armády: 0.25373134328358
Zdraví druhé armády: 0.1
-=-=-=-=-=-=-=-=-=-=-=-=-  13. kolo  -=-=-=-=-=-=-=-=-=-=-=-=-
Zdraví první armády: 562.96097014925
Zdraví druhé armády: 457.1
Obrana první armády: 0.25373134328358
Zdraví druhé armády: 0.1
-=-=-=-=-=-=-=-=-=-=-=-=-  14. kolo  -=-=-=-=-=-=-=-=-=-=-=-=-
Zdraví první armády: 553.49082089552
Zdraví druhé armády: 436.0544
První armáda uhnula!
Obrana první armády: 0.25373134328358
Zdraví druhé armády: 0.1
-=-=-=-=-=-=-=-=-=-=-=-=-  15. kolo  -=-=-=-=-=-=-=-=-=-=-=-=-
Zdraví první armády: 549.0272238806
Zdraví druhé armády: 398.7584
Obrana první armády: 0.25373134328358
Zdraví druhé armády: 0.1
-=-=-=-=-=-=-=-=-=-=-=-=-  16. kolo  -=-=-=-=-=-=-=-=-=-=-=-=-
Zdraví první armády: 530.08692537313
Zdraví druhé armády: 385.172
Obrana první armády: 0.25373134328358
Zdraví druhé armády: 0.1
-=-=-=-=-=-=-=-=-=-=-=-=-  17. kolo  -=-=-=-=-=-=-=-=-=-=-=-=-
Zdraví první armády: 510.3048358209
Zdraví druhé armády: 372.6512
Obrana první armády: 0.25373134328358
Zdraví druhé armády: 0.1
-=-=-=-=-=-=-=-=-=-=-=-=-  18. kolo  -=-=-=-=-=-=-=-=-=-=-=-=-
Zdraví první armády: 476.00185074627
Zdraví druhé armády: 327.0968
První armáda uhnula!
Obrana první armády: 0.25373134328358
Zdraví druhé armády: 0.1
-=-=-=-=-=-=-=-=-=-=-=-=-  19. kolo  -=-=-=-=-=-=-=-=-=-=-=-=-
Zdraví první armády: 474.67602985075
Zdraví druhé armády: 278.612
První armáda uhnula!
Obrana první armády: 0.25373134328358
Zdraví druhé armády: 0.1
-=-=-=-=-=-=-=-=-=-=-=-=-  20. kolo  -=-=-=-=-=-=-=-=-=-=-=-=-
Zdraví první armády: 470.46497014925
Zdraví druhé armády: 262.3616
První armáda uhnula!
Obrana první armády: 0.25373134328358
Zdraví druhé armády: 0.1
-=-=-=-=-=-=-=-=-=-=-=-=-  21. kolo  -=-=-=-=-=-=-=-=-=-=-=-=-
Zdraví první armády: 468.3057761194
Zdraví druhé armády: 241.316
Obrana první armády: 0.25373134328358
Zdraví druhé armády: 0.1
-=-=-=-=-=-=-=-=-=-=-=-=-  22. kolo  -=-=-=-=-=-=-=-=-=-=-=-=-
Zdraví první armády: 430.84607462687
Zdraví druhé armády: 218.1392
Obrana první armády: 0.25373134328358
Zdraví druhé armády: 0.1
-=-=-=-=-=-=-=-=-=-=-=-=-  23. kolo  -=-=-=-=-=-=-=-=-=-=-=-=-
Zdraví první armády: 420.95502985075
Zdraví druhé armády: 198.692
První armáda uhnula!
Obrana první armády: 0.25373134328358
Zdraví druhé armády: 0.1
-=-=-=-=-=-=-=-=-=-=-=-=-  24. kolo  -=-=-=-=-=-=-=-=-=-=-=-=-
Zdraví první armády: 418.64010447761
Zdraví druhé armády: 176.8472
Obrana první armády: 0.25373134328358
Zdraví druhé armády: 0.1
-=-=-=-=-=-=-=-=-=-=-=-=-  25. kolo  -=-=-=-=-=-=-=-=-=-=-=-=-
Zdraví první armády: 410.64308955224
Zdraví druhé armády: 136.088
Obrana první armády: 0.25373134328358
Zdraví druhé armády: 0.1
-=-=-=-=-=-=-=-=-=-=-=-=-  26. kolo  -=-=-=-=-=-=-=-=-=-=-=-=-
Zdraví první armády: 388.75652238806
Zdraví druhé armády: 90.8
Obrana první armády: 0.25373134328358
Zdraví druhé armády: 0.1
-=-=-=-=-=-=-=-=-=-=-=-=-  27. kolo  -=-=-=-=-=-=-=-=-=-=-=-=-
Zdraví první armády: 364.76547761194
Zdraví druhé armády: 43.1144
Obrana první armády: 0.25373134328358
Zdraví druhé armády: 0.1
-=-=-=-=-=-=-=-=-=-=-=-=-  28. kolo  -=-=-=-=-=-=-=-=-=-=-=-=-
Zdraví první armády: 327.5162238806
Zdraví druhé armády: 24.9992
