-=-=-=-=-=-=-=-=-=-=-=-=-=-=-  Začátek souboje  -=-=-=-=-=-=-=-=-=-=-=-=-=-=-=-
Zdraví první armády na začátku: 680
Síla první armády na začátku: 110
Obrana první armády na začátku: 0.1
Obratnost první armády na začátku: 140
Šance na vyhnutí první armády: 50
-=-=-=-=-=-=-=-=-=-=-=-=-=-=-
Zdraví druhé armády na začátku: 680
Síla druhé armády na začátku: 110
Obrana druhé armády na začátku: 0.1
Obratnost první armády na začátku: 140
Šance na vyhnutí druhé armády: 50
-=-=-=-=-=-=-=-=-=-=-=-=-=-=-  Konec souboje  -=-=-=-=-=-=-=-=-=-=-=-=-=-=-=-
Obrana první armády: 0.1
Zdraví druhé armády: 0.1
-=-=-=-=-=-=-=-=-=-=-=-=-  0. kolo  -=-=-=-=-=-=-=-=-=-=-=-=-
Zdraví první armády: 680
Zdraví druhé armády: 680
První armáda uhnula!
Obrana první armády: 0.1
Zdraví druhé armády: 0.1
-=-=-=-=-=-=-=-=-=-=-=-=-  1. kolo  -=-=-=-=-=-=-=-=-=-=-=-=-
Zdraví první armády: 672.89576
Zdraví druhé armády: 647.132
Obrana první armády: 0.1
Zdraví druhé armády: 0.1
-=-=-=-=-=-=-=-=-=-=-=-=-  2. kolo  -=-=-=-=-=-=-=-=-=-=-=-=-
Zdraví první armády: 660.61976
Zdraví druhé armády: 619.016
První armáda uhnula!
Obrana první armády: 0.1
Zdraví druhé armády: 0.1
-=-=-=-=-=-=-=-=-=-=-=-=-  3. kolo  -=-=-=-=-=-=-=-=-=-=-=-=-
Zdraví první armády: 656.62016
Zdraví druhé armády: 607.928
Obrana první armády: 0.1
Zdraví druhé armády: 0.1
-=-=-=-=-=-=-=-=-=-=-=-=-  4. kolo  -=-=-=-=-=-=-=-=-=-=-=-=-
Zdraví první armády: 628.10816
Zdraví druhé armády: 581.594
Druhá armáda uhnula!
Obrana první armády: 0.1
Zdraví druhé armády: 0.1
-=-=-=-=-=-=-=-=-=-=-=-=-  5. kolo  -=-=-=-=-=-=-=-=-=-=-=-=-
Zdraví první armády: 608.70416
Zdraví druhé armády: 574.9412
Obrana první armády: 0.1
Zdraví druhé armády: 0.1
-=-=-=-=-=-=-=-=-=-=-=-=-  6. kolo  -=-=-=-=-=-=-=-=-=-=-=-=-
Zdraví první armády: 599.39816
Zdraví druhé armády: 564.6452
Obrana první armády: 0.1
Zdraví druhé armády: 0.1
-=-=-=-=-=-=-=-=-=-=-=-=-  7. kolo  -=-=-=-=-=-=-=-=-=-=-=-=-
Zdraví první armády: 572.07416
Zdraví druhé armády: 551.3792
První armáda uhnula!
Obrana první armády: 0.1
Zdraví druhé armády: 0.1
-=-=-=-=-=-=-=-=-=-=-=-=-  8. kolo  -=-=-=-=-=-=-=-=-=-=-=-=-
Zdraví první armády: 564.38186
Zdraví druhé armády: 521.6792
Obrana první armády: 0.1
Zdraví druhé armády: 0.1
-=-=-=-=-=-=-=-=-=-=-=-=-  9. kolo  -=-=-=-=-=-=-=-=-=-=-=-=-
Zdraví první armády: 538.44386
Zdraví druhé armády: 495.3452
Obrana první armády: 0.1
Zdraví druhé armády: 0.1
-=-=-=-=-=-=-=-=-=-=-=-=-  10. kolo  -=-=-=-=-=-=-=-=-=-=-=-=-
Zdraví první armády: 520.62386
Zdraví druhé armády: 487.4252
Obrana první armády: 0.1
Zdraví druhé armády: 0.1
-=-=-=-=-=-=-=-=-=-=-=-=-  11. kolo  -=-=-=-=-=-=-=-=-=-=-=-=-
Zdraví první armády: 486.76586
Zdraví druhé armády: 467.8232
Obrana první armády: 0.1
Zdraví druhé armády: 0.1
-=-=-=-=-=-=-=-=-=-=-=-=-  12. kolo  -=-=-=-=-=-=-=-=-=-=-=-=-
Zdraví první armády: 472.70786
Zdraví druhé armády: 456.1412
Obrana první armády: 0.1
Zdraví druhé armády: 0.1
-=-=-=-=-=-=-=-=-=-=-=-=-  13. kolo  -=-=-=-=-=-=-=-=-=-=-=-=-
Zdraví první armády: 459.44186
Zdraví druhé armády: 436.5392
Druhá armáda uhnula!
Obrana první armády: 0.1
Zdraví druhé armády: 0.1
-=-=-=-=-=-=-=-=-=-=-=-=-  14. kolo  -=-=-=-=-=-=-=-=-=-=-=-=-
Zdraví první armády: 436.27586
Zdraví druhé armády: 432.5792
První armáda uhnula!
Obrana první armády: 0.1
Zdraví druhé armády: 0.1
-=-=-=-=-=-=-=-=-=-=-=-=-  15. kolo  -=-=-=-=-=-=-=-=-=-=-=-=-
Zdraví první armády: 429.24884
Zdraví druhé armády: 412.1852
První armáda uhnula!
Obrana první armády: 0.1
Zdraví druhé armády: 0.1
-=-=-=-=-=-=-=-=-=-=-=-=-  16. kolo  -=-=-=-=-=-=-=-=-=-=-=-=-
Zdraví první armády: 421.45556
Zdraví druhé armády: 382.0892
Obrana první armády: 0.1
Zdraví druhé armády: 0.1
-=-=-=-=-=-=-=-=-=-=-=-=-  17. kolo  -=-=-=-=-=-=-=-=-=-=-=-=-
Zdraví první armády: 392.15156
Zdraví druhé armády: 362.8832
Obrana první armády: 0.1
Zdraví druhé armády: 0.1
-=-=-=-=-=-=-=-=-=-=-=-=-  18. kolo  -=-=-=-=-=-=-=-=-=-=-=-=-
Zdraví první armády: 366.21356
Zdraví druhé armády: 350.2112
Druhá armáda uhnula!
Obrana první armády: 0.1
Zdraví druhé armády: 0.1
-=-=-=-=-=-=-=-=-=-=-=-=-  19. kolo  -=-=-=-=-=-=-=-=-=-=-=-=-
Zdraví první armády: 354.53156
Zdraví druhé armády: 346.64324
Druhá armáda uhnula!
Obrana první armády: 0.1
Zdraví druhé armády: 0.1
-=-=-=-=-=-=-=-=-=-=-=-=-  20. kolo  -=-=-=-=-=-=-=-=-=-=-=-=-
Zdraví první armády: 335.32556
Zdraví druhé armády: 341.65364
Druhá armáda uhnula!
Obrana první armády: 0.1
Zdraví druhé armády: 0.1
-=-=-=-=-=-=-=-=-=-=-=-=-  21. kolo  -=-=-=-=-=-=-=-=-=-=-=-=-
Zdraví první armády: 302.65556
Zdraví druhé armády: 335.02064
Obrana první armády: 0.1
Zdraví druhé armády: 0.1
-=-=-=-=-=-=-=-=-=-=-=-=-  22. kolo  -=-=-=-=-=-=-=-=-=-=-=-=-
Zdraví první armády: 290.57756
Zdraví druhé armády: 317.59664
Druhá armáda uhnula!
Obrana první armády: 0.1
Zdraví druhé armády: 0.1
-=-=-=-=-=-=-=-=-=-=-=-=-  23. kolo  -=-=-=-=-=-=-=-=-=-=-=-=-
Zdraví první armády: 272.16356
Zdraví druhé armády: 312.71792
První armáda uhnula!
Obrana první armády: 0.1
Zdraví druhé armády: 0.1
-=-=-=-=-=-=-=-=-=-=-=-=-  24. kolo  -=-=-=-=-=-=-=-=-=-=-=-=-
Zdraví první armády: 266.66906
Zdraví druhé armády: 279.45392
Druhá armáda uhnula!
Obrana první armády: 0.1
Zdraví druhé armády: 0.1
-=-=-=-=-=-=-=-=-=-=-=-=-  25. kolo  -=-=-=-=-=-=-=-=-=-=-=-=-
Zdraví první armády: 245.87906
Zdraví druhé armády: 276.30572
Obrana první armády: 0.1
Zdraví druhé armády: 0.1
-=-=-=-=-=-=-=-=-=-=-=-=-  26. kolo  -=-=-=-=-=-=-=-=-=-=-=-=-
Zdraví první armády: 233.99906
Zdraví druhé armády: 261.25772
Obrana první armády: 0.1
Zdraví druhé armády: 0.1
-=-=-=-=-=-=-=-=-=-=-=-=-  27. kolo  -=-=-=-=-=-=-=-=-=-=-=-=-
Zdraví první armády: 213.01106
Zdraví druhé armády: 229.77572
První armáda uhnula!
Obrana první armády: 0.1
Zdraví druhé armády: 0.1
-=-=-=-=-=-=-=-=-=-=-=-=-  28. kolo  -=-=-=-=-=-=-=-=-=-=-=-=-
Zdraví první armády: 206.48894
Zdraví druhé armády: 202.84772
První armáda uhnula!
Obrana první armády: 0.1
Zdraví druhé armády: 0.1
-=-=-=-=-=-=-=-=-=-=-=-=-  29. kolo  -=-=-=-=-=-=-=-=-=-=-=-=-
Zdraví první armády: 201.5231
Zdraví druhé armády: 172.75172
Obrana první armády: 0.1
Zdraví druhé armády: 0.1
-=-=-=-=-=-=-=-=-=-=-=-=-  30. kolo  -=-=-=-=-=-=-=-=-=-=-=-=-
Zdraví první armády: 176.1791
Zdraví druhé armády: 147.80372
Obrana první armády: 0.1
Zdraví druhé armády: 0.1
-=-=-=-=-=-=-=-=-=-=-=-=-  31. kolo  -=-=-=-=-=-=-=-=-=-=-=-=-
Zdraví první armády: 160.5371
Zdraví druhé armády: 113.74772
Obrana první armády: 0.1
Zdraví druhé armády: 0.1
-=-=-=-=-=-=-=-=-=-=-=-=-  32. kolo  -=-=-=-=-=-=-=-=-=-=-=-=-
Zdraví první armády: 124.3031
Zdraví druhé armády: 94.93772
Druhá armáda uhnula!
Obrana první armády: 0.1
Zdraví druhé armády: 0.1
-=-=-=-=-=-=-=-=-=-=-=-=-  33. kolo  -=-=-=-=-=-=-=-=-=-=-=-=-
Zdraví první armády: 108.0671
Zdraví druhé armády: 90.80348
První armáda uhnula!
Obrana první armády: 0.1
Zdraví druhé armády: 0.1
-=-=-=-=-=-=-=-=-=-=-=-=-  34. kolo  -=-=-=-=-=-=-=-=-=-=-=-=-
Zdraví první armády: 101.22026
Zdraví druhé armády: 67.63748
Obrana první armády: 0.1
Zdraví druhé armády: 0.1
-=-=-=-=-=-=-=-=-=-=-=-=-  35. kolo  -=-=-=-=-=-=-=-=-=-=-=-=-
Zdraví první armády: 66.37226
Zdraví druhé armády: 34.57148
Druhá armáda uhnula!
Obrana první armády: 0.1
Zdraví druhé armády: 0.1
-=-=-=-=-=-=-=-=-=-=-=-=-  36. kolo  -=-=-=-=-=-=-=-=-=-=-=-=-
Zdraví první armády: 52.90826
Zdraví druhé armády: 31.5995
Druhá armáda uhnula!
Obrana první armády: 0.1
Zdraví druhé armády: 0.1
-=-=-=-=-=-=-=-=-=-=-=-=-  37. kolo  -=-=-=-=-=-=-=-=-=-=-=-=-
Zdraví první armády: 35.08826
Zdraví druhé armády: 27.59396
