-=-=-=-=-=-=-=-=-=-=-=-=-=-=-  Začátek souboje  -=-=-=-=-=-=-=-=-=-=-=-=-=-=-=-
Zdraví první armády na začátku: 150
Síla první armády na začátku: 40
Obrana první armády na začátku: 0.1
Obratnost první armády na začátku: 40
Šance na vyhnutí první armády: 50
-=-=-=-=-=-=-=-=-=-=-=-=-=-=-
Zdraví druhé armády na začátku: 150
Síla druhé armády na začátku: 40
Obrana druhé armády na začátku: 0.1
Obratnost první armády na začátku: 40
Šance na vyhnutí druhé armády: 50
-=-=-=-=-=-=-=-=-=-=-=-=-=-=-  Konec souboje  -=-=-=-=-=-=-=-=-=-=-=-=-=-=-=-
Obrana první armády: 0.1
Zdraví druhé armády: 0.1
-=-=-=-=-=-=-=-=-=-=-=-=-  0. kolo  -=-=-=-=-=-=-=-=-=-=-=-=-
Zdraví první armády: 150
Zdraví druhé armády: 150
První armáda uhnula!
Druhá armáda uhnula!
Obrana první armády: 0.1
Zdraví druhé armády: 0.1
-=-=-=-=-=-=-=-=-=-=-=-=-  1. kolo  -=-=-=-=-=-=-=-=-=-=-=-=-
Zdraví první armády: 148.0128
Zdraví druhé armády: 149.06256
První armáda uhnula!
Druhá armáda uhnula!
Obrana první armády: 0.1
Zdraví druhé armády: 0.1
-=-=-=-=-=-=-=-=-=-=-=-=-  2. kolo  -=-=-=-=-=-=-=-=-=-=-=-=-
Zdraví první armády: 146.56128
Zdraví druhé armády: 148.26912
Obrana první armády: 0.1
Zdraví druhé armády: 0.1
-=-=-=-=-=-=-=-=-=-=-=-=-  3. kolo  -=-=-=-=-=-=-=-=-=-=-=-=-
Zdraví první armády: 141.59328
Zdraví druhé armády: 143.66112
Obrana první armády: 0.1
Zdraví druhé armády: 0.1
-=-=-=-=-=-=-=-=-=-=-=-=-  4. kolo  -=-=-=-=-=-=-=-=-=-=-=-=-
Zdraví první armády: 134.53728
Zdraví druhé armády: 138.40512
Obrana první armády: 0.1
Zdraví druhé armády: 0.1
-=-=-=-=-=-=-=-=-=-=-=-=-  5. kolo  -=-=-=-=-=-=-=-=-=-=-=-=-
Zdraví první armády: 131.15328
Zdraví druhé armády: 133.29312
Obrana první armády: 0.1
Zdraví druhé armády: 0.1
-=-=-=-=-=-=-=-=-=-=-=-=-  6. kolo  -=-=-=-=-=-=-=-=-=-=-=-=-
Zdraví první armády: 125.96928
Zdraví druhé armády: 125.08512
Druhá armáda uhnula!
Obrana první armády: 0.1
Zdraví druhé armády: 0.1
-=-=-=-=-=-=-=-=-=-=-=-=-  7. kolo  -=-=-=-=-=-=-=-=-=-=-=-=-
Zdraví první armády: 122.72928
Zdraví druhé armády: 124.43928
Obrana první armády: 0.1
Zdraví druhé armády: 0.1
-=-=-=-=-=-=-=-=-=-=-=-=-  8. kolo  -=-=-=-=-=-=-=-=-=-=-=-=-
Zdraví první armády: 114.66528
Zdraví druhé armády: 117.02328
Druhá armáda uhnula!
Obrana první armády: 0.1
Zdraví druhé armády: 0.1
-=-=-=-=-=-=-=-=-=-=-=-=-  9. kolo  -=-=-=-=-=-=-=-=-=-=-=-=-
Zdraví první armády: 109.40928
Zdraví druhé armády: 114.77688
Obrana první armády: 0.1
Zdraví druhé armády: 0.1
-=-=-=-=-=-=-=-=-=-=-=-=-  10. kolo  -=-=-=-=-=-=-=-=-=-=-=-=-
Zdraví první armády: 102.85728
Zdraví druhé armády: 107.36088
Druhá armáda uhnula!
Obrana první armády: 0.1
Zdraví druhé armády: 0.1
-=-=-=-=-=-=-=-=-=-=-=-=-  11. kolo  -=-=-=-=-=-=-=-=-=-=-=-=-
Zdraví první armády: 94.64928
Zdraví druhé armády: 106.04616
Obrana první armády: 0.1
Zdraví druhé armády: 0.1
-=-=-=-=-=-=-=-=-=-=-=-=-  12. kolo  -=-=-=-=-=-=-=-=-=-=-=-=-
Zdraví první armády: 88.31328
Zdraví druhé armády: 102.08616
Druhá armáda uhnula!
Obrana první armády: 0.1
Zdraví druhé armády: 0.1
-=-=-=-=-=-=-=-=-=-=-=-=-  13. kolo  -=-=-=-=-=-=-=-=-=-=-=-=-
Zdraví první armády: 85.00128
Zdraví druhé armády: 101.328
Obrana první armády: 0.1
Zdraví druhé armády: 0.1
-=-=-=-=-=-=-=-=-=-=-=-=-  14. kolo  -=-=-=-=-=-=-=-=-=-=-=-=-
Zdraví první armády: 79.02528
Zdraví druhé armády: 95.928
Obrana první armády: 0.1
Zdraví druhé armády: 0.1
-=-=-=-=-=-=-=-=-=-=-=-=-  15. kolo  -=-=-=-=-=-=-=-=-=-=-=-=-
Zdraví první armády: 72.68928
Zdraví druhé armády: 90.888
Obrana první armády: 0.1
Zdraví druhé armády: 0.1
-=-=-=-=-=-=-=-=-=-=-=-=-  16. kolo  -=-=-=-=-=-=-=-=-=-=-=-=-
Zdraví první armády: 67.57728
Zdraví druhé armády: 84.192
Obrana první armády: 0.1
Zdraví druhé armády: 0.1
-=-=-=-=-=-=-=-=-=-=-=-=-  17. kolo  -=-=-=-=-=-=-=-=-=-=-=-=-
Zdraví první armády: 63.54528
Zdraví druhé armády: 76.056
Obrana první armády: 0.1
Zdraví druhé armády: 0.1
-=-=-=-=-=-=-=-=-=-=-=-=-  18. kolo  -=-=-=-=-=-=-=-=-=-=-=-=-
Zdraví první armády: 58.64928
Zdraví druhé armády: 68.712
První armáda uhnula!
Obrana první armády: 0.1
Zdraví druhé armády: 0.1
-=-=-=-=-=-=-=-=-=-=-=-=-  19. kolo  -=-=-=-=-=-=-=-=-=-=-=-=-
Zdraví první armády: 57.1776
Zdraví druhé armády: 66.048
První armáda uhnula!
Obrana první armády: 0.1
Zdraví druhé armády: 0.1
-=-=-=-=-=-=-=-=-=-=-=-=-  20. kolo  -=-=-=-=-=-=-=-=-=-=-=-=-
Zdraví první armády: 54.46032
Zdraví druhé armády: 61.8
Obrana první armády: 0.1
Zdraví druhé armády: 0.1
-=-=-=-=-=-=-=-=-=-=-=-=-  21. kolo  -=-=-=-=-=-=-=-=-=-=-=-=-
Zdraví první armády: 48.26832
Zdraví druhé armády: 58.056
Druhá armáda uhnula!
Obrana první armády: 0.1
Zdraví druhé armády: 0.1
-=-=-=-=-=-=-=-=-=-=-=-=-  22. kolo  -=-=-=-=-=-=-=-=-=-=-=-=-
Zdraví první armády: 40.20432
Zdraví druhé armády: 56.4432
Obrana první armády: 0.1
Zdraví druhé armády: 0.1
-=-=-=-=-=-=-=-=-=-=-=-=-  23. kolo  -=-=-=-=-=-=-=-=-=-=-=-=-
Zdraví první armády: 35.88432
Zdraví druhé armády: 49.3872
Obrana první armády: 0.1
Zdraví druhé armády: 0.1
-=-=-=-=-=-=-=-=-=-=-=-=-  24. kolo  -=-=-=-=-=-=-=-=-=-=-=-=-
Zdraví první armády: 32.50032
Zdraví druhé armády: 46.4352
Obrana první armády: 0.1
Zdraví druhé armády: 0.1
-=-=-=-=-=-=-=-=-=-=-=-=-  25. kolo  -=-=-=-=-=-=-=-=-=-=-=-=-
Zdraví první armády: 29.04432
Zdraví druhé armády: 41.0352
Obrana první armády: 0.1
Zdraví druhé armády: 0.1
-=-=-=-=-=-=-=-=-=-=-=-=-  26. kolo  -=-=-=-=-=-=-=-=-=-=-=-=-
Zdraví první armády: 24.14832
Zdraví druhé armády: 35.9232
Obrana první armády: 0.1
Zdraví druhé armády: 0.1
-=-=-=-=-=-=-=-=-=-=-=-=-  27. kolo  -=-=-=-=-=-=-=-=-=-=-=-=-
Zdraví první armády: 21.55632
Zdraví druhé armády: 30.3072
První armáda uhnula!
Druhá armáda uhnula!
Obrana první armády: 0.1
Zdraví druhé armády: 0.1
-=-=-=-=-=-=-=-=-=-=-=-=-  28. kolo  -=-=-=-=-=-=-=-=-=-=-=-=-
Zdraví první armády: 20.48784
Zdraví druhé armády: 28.05216
První armáda uhnula!
Obrana první armády: 0.1
Zdraví druhé armády: 0.1
-=-=-=-=-=-=-=-=-=-=-=-=-  29. kolo  -=-=-=-=-=-=-=-=-=-=-=-=-
Zdraví první armády: 16.79424
Zdraví druhé armády: 19.77216
Obrana první armády: 0.1
Zdraví druhé armády: 0.1
-=-=-=-=-=-=-=-=-=-=-=-=-  30. kolo  -=-=-=-=-=-=-=-=-=-=-=-=-
Zdraví první armády: 11.89824
Zdraví druhé armády: 12.06816
Obrana první armády: 0.1
Zdraví druhé armády: 0.1
-=-=-=-=-=-=-=-=-=-=-=-=-  31. kolo  -=-=-=-=-=-=-=-=-=-=-=-=-
Zdraví první armády: 6.78624
Zdraví druhé armády: 5.15616
První armáda uhnula!
Druhá armáda uhnula!
Obrana první armády: 0.1
Zdraví druhé armády: 0.1
-=-=-=-=-=-=-=-=-=-=-=-=-  32. kolo  -=-=-=-=-=-=-=-=-=-=-=-=-
Zdraví první armády: 5.66952
Zdraví druhé armády: 3.21216
