-=-=-=-=-=-=-=-=-=-=-=-=-=-=-  Začátek souboje  -=-=-=-=-=-=-=-=-=-=-=-=-=-=-=-
Zdraví první armády na začátku: 120
Síla první armády na začátku: 32
Obrana první armády na začátku: 0.1
Obratnost první armády na začátku: 32
Šance na vyhnutí první armády: 42.105263157895
-=-=-=-=-=-=-=-=-=-=-=-=-=-=-
Zdraví druhé armády na začátku: 165
Síla druhé armády na začátku: 44
Obrana druhé armády na začátku: 0.27272727272727
Obratnost první armády na začátku: 44
Šance na vyhnutí druhé armády: 57.894736842105
-=-=-=-=-=-=-=-=-=-=-=-=-=-=-  Konec souboje  -=-=-=-=-=-=-=-=-=-=-=-=-=-=-=-
Obrana první armády: 0.1
Zdraví druhé armády: 0.27272727272727
-=-=-=-=-=-=-=-=-=-=-=-=-  0. kolo  -=-=-=-=-=-=-=-=-=-=-=-=-
Zdraví první armády: 120
Zdraví druhé armády: 165
První armáda uhnula!
Obrana první armády: 0.1
Zdraví druhé armády: 0.27272727272727
-=-=-=-=-=-=-=-=-=-=-=-=-  1. kolo  -=-=-=-=-=-=-=-=-=-=-=-=-
Zdraví první armády: 118.623504
Zdraví druhé armády: 158.856
Obrana první armády: 0.1
Zdraví druhé armády: 0.27272727272727
-=-=-=-=-=-=-=-=-=-=-=-=-  2. kolo  -=-=-=-=-=-=-=-=-=-=-=-=-
Zdraví první armády: 107.535504
Zdraví druhé armády: 155.59781818182
Obrana první armády: 0.1
Zdraví druhé armády: 0.27272727272727
-=-=-=-=-=-=-=-=-=-=-=-=-  3. kolo  -=-=-=-=-=-=-=-=-=-=-=-=-
Zdraví první armády: 96.368304
Zdraví druhé armády: 148.94181818182
Obrana první armády: 0.1
Zdraví druhé armády: 0.27272727272727
-=-=-=-=-=-=-=-=-=-=-=-=-  4. kolo  -=-=-=-=-=-=-=-=-=-=-=-=-
Zdraví první armády: 88.131504
Zdraví druhé armády: 142.37890909091
První armáda uhnula!
Obrana první armády: 0.1
Zdraví druhé armády: 0.27272727272727
-=-=-=-=-=-=-=-=-=-=-=-=-  5. kolo  -=-=-=-=-=-=-=-=-=-=-=-=-
Zdraví první armády: 86.534832
Zdraví druhé armády: 136.28145454545
První armáda uhnula!
Obrana první armády: 0.1
Zdraví druhé armády: 0.27272727272727
-=-=-=-=-=-=-=-=-=-=-=-=-  6. kolo  -=-=-=-=-=-=-=-=-=-=-=-=-
Zdraví první armády: 83.764416
Zdraví druhé armády: 128.83418181818
Obrana první armády: 0.1
Zdraví druhé armády: 0.27272727272727
-=-=-=-=-=-=-=-=-=-=-=-=-  7. kolo  -=-=-=-=-=-=-=-=-=-=-=-=-
Zdraví první armády: 79.804416
Zdraví druhé armády: 124.73818181818
Obrana první armády: 0.1
Zdraví druhé armády: 0.27272727272727
-=-=-=-=-=-=-=-=-=-=-=-=-  8. kolo  -=-=-=-=-=-=-=-=-=-=-=-=-
Zdraví první armády: 73.626816
Zdraví druhé armády: 116.22036363636
Obrana první armády: 0.1
Zdraví druhé armády: 0.27272727272727
-=-=-=-=-=-=-=-=-=-=-=-=-  9. kolo  -=-=-=-=-=-=-=-=-=-=-=-=-
Zdraví první armády: 62.301216
Zdraví druhé armády: 107.98181818182
Obrana první armády: 0.1
Zdraví druhé armády: 0.27272727272727
-=-=-=-=-=-=-=-=-=-=-=-=-  10. kolo  -=-=-=-=-=-=-=-=-=-=-=-=-
Zdraví první armády: 59.291616
Zdraví druhé armády: 102.48945454545
První armáda uhnula!
Obrana první armády: 0.1
Zdraví druhé armády: 0.27272727272727
-=-=-=-=-=-=-=-=-=-=-=-=-  11. kolo  -=-=-=-=-=-=-=-=-=-=-=-=-
Zdraví první armády: 56.717616
Zdraví druhé armády: 97.322909090909
Obrana první armády: 0.1
Zdraví druhé armády: 0.27272727272727
-=-=-=-=-=-=-=-=-=-=-=-=-  12. kolo  -=-=-=-=-=-=-=-=-=-=-=-=-
Zdraví první armády: 45.629616
Zdraví druhé armády: 91.923636363636
Obrana první armády: 0.1
Zdraví druhé armády: 0.27272727272727
-=-=-=-=-=-=-=-=-=-=-=-=-  13. kolo  -=-=-=-=-=-=-=-=-=-=-=-=-
Zdraví první armády: 34.383216
Zdraví druhé armády: 84.616
Obrana první armády: 0.1
Zdraví druhé armády: 0.27272727272727
-=-=-=-=-=-=-=-=-=-=-=-=-  14. kolo  -=-=-=-=-=-=-=-=-=-=-=-=-
Zdraví první armády: 21.711216
Zdraví druhé armády: 81.962909090909
Obrana první armády: 0.1
Zdraví druhé armády: 0.27272727272727
-=-=-=-=-=-=-=-=-=-=-=-=-  15. kolo  -=-=-=-=-=-=-=-=-=-=-=-=-
Zdraví první armády: 15.296016
Zdraví druhé armády: 76.098181818182
Obrana první armády: 0.1
Zdraví druhé armády: 0.27272727272727
-=-=-=-=-=-=-=-=-=-=-=-=-  16. kolo  -=-=-=-=-=-=-=-=-=-=-=-=-
Zdraví první armády: 0.960816
Zdraví druhé armády: 68.092363636364
