-=-=-=-=-=-=-=-=-=-=-=-=-=-=-  Začátek souboje  -=-=-=-=-=-=-=-=-=-=-=-=-=-=-=-
Zdraví první armády na začátku: 630
Síla první armády na začátku: 100
Obrana první armády na začátku: 0.12765957446809
Obratnost první armády na začátku: 110
Šance na vyhnutí první armády: 55.555555555556
-=-=-=-=-=-=-=-=-=-=-=-=-=-=-
Zdraví druhé armády na začátku: 555
Síla druhé armády na začátku: 114
Obrana druhé armády na začátku: 0.1
Obratnost první armády na začátku: 88
Šance na vyhnutí druhé armády: 44.444444444444
-=-=-=-=-=-=-=-=-=-=-=-=-=-=-  Konec souboje  -=-=-=-=-=-=-=-=-=-=-=-=-=-=-=-
Obrana první armády: 0.12765957446809
Zdraví druhé armády: 0.1
-=-=-=-=-=-=-=-=-=-=-=-=-  0. kolo  -=-=-=-=-=-=-=-=-=-=-=-=-
Zdraví první armády: 630
Zdraví druhé armády: 555
První armáda uhnula!
Obrana první armády: 0.12765957446809
Zdraví druhé armády: 0.1
-=-=-=-=-=-=-=-=-=-=-=-=-  1. kolo  -=-=-=-=-=-=-=-=-=-=-=-=-
Zdraví první armády: 623.6035812766
Zdraví druhé armády: 526.56
Obrana první armády: 0.12765957446809
Zdraví druhé armády: 0.1
-=-=-=-=-=-=-=-=-=-=-=-=-  2. kolo  -=-=-=-=-=-=-=-=-=-=-=-=-
Zdraví první armády: 587.00715574468
Zdraví druhé armády: 520.26
Obrana první armády: 0.12765957446809
Zdraví druhé armády: 0.1
-=-=-=-=-=-=-=-=-=-=-=-=-  3. kolo  -=-=-=-=-=-=-=-=-=-=-=-=-
Zdraví první armády: 576.46579404255
Zdraví druhé armády: 509.64
Obrana první armády: 0.12765957446809
Zdraví druhé armády: 0.1
-=-=-=-=-=-=-=-=-=-=-=-=-  4. kolo  -=-=-=-=-=-=-=-=-=-=-=-=-
Zdraví první armády: 552.20077276596
Zdraví druhé armády: 495.06
Obrana první armády: 0.12765957446809
Zdraví druhé armády: 0.1
-=-=-=-=-=-=-=-=-=-=-=-=-  5. kolo  -=-=-=-=-=-=-=-=-=-=-=-=-
Zdraví první armády: 540.06826212766
Zdraví druhé armády: 464.1
Obrana první armády: 0.12765957446809
Zdraví druhé armády: 0.1
-=-=-=-=-=-=-=-=-=-=-=-=-  6. kolo  -=-=-=-=-=-=-=-=-=-=-=-=-
Zdraví první armády: 530.1235812766
Zdraví druhé armády: 457.44
Obrana první armády: 0.12765957446809
Zdraví druhé armády: 0.1
-=-=-=-=-=-=-=-=-=-=-=-=-  7. kolo  -=-=-=-=-=-=-=-=-=-=-=-=-
Zdraví první armády: 523.16230468085
Zdraví druhé armády: 450.42
První armáda uhnula!
Obrana první armády: 0.12765957446809
Zdraví druhé armády: 0.1
-=-=-=-=-=-=-=-=-=-=-=-=-  8. kolo  -=-=-=-=-=-=-=-=-=-=-=-=-
Zdraví první armády: 520.29823659574
Zdraví druhé armády: 442.32
Obrana první armády: 0.12765957446809
Zdraví druhé armády: 0.1
-=-=-=-=-=-=-=-=-=-=-=-=-  9. kolo  -=-=-=-=-=-=-=-=-=-=-=-=-
Zdraví první armády: 509.5579812766
Zdraví druhé armády: 416.58
První armáda uhnula!
Obrana první armády: 0.12765957446809
Zdraví druhé armády: 0.1
-=-=-=-=-=-=-=-=-=-=-=-=-  10. kolo  -=-=-=-=-=-=-=-=-=-=-=-=-
Zdraví první armády: 503.87757957447
Zdraví druhé armády: 393.72
První armáda uhnula!
Obrana první armády: 0.12765957446809
Zdraví druhé armády: 0.1
-=-=-=-=-=-=-=-=-=-=-=-=-  11. kolo  -=-=-=-=-=-=-=-=-=-=-=-=-
Zdraví první armády: 498.32049191489
Zdraví druhé armády: 373.56
Obrana první armády: 0.12765957446809
Zdraví druhé armády: 0.1
-=-=-=-=-=-=-=-=-=-=-=-=-  12. kolo  -=-=-=-=-=-=-=-=-=-=-=-=-
Zdraví první armády: 463.31521531915
Zdraví druhé armády: 364.74
Obrana první armády: 0.12765957446809
Zdraví druhé armády: 0.1
-=-=-=-=-=-=-=-=-=-=-=-=-  13. kolo  -=-=-=-=-=-=-=-=-=-=-=-=-
Zdraví první armády: 449.59155574468
Zdraví druhé armády: 334.5
Obrana první armády: 0.12765957446809
Zdraví druhé armády: 0.1
-=-=-=-=-=-=-=-=-=-=-=-=-  14. kolo  -=-=-=-=-=-=-=-=-=-=-=-=-
Zdraví první armády: 412.99513021277
Zdraví druhé armády: 310.56
První armáda uhnula!
Obrana první armády: 0.12765957446809
Zdraví druhé armády: 0.1
-=-=-=-=-=-=-=-=-=-=-=-=-  15. kolo  -=-=-=-=-=-=-=-=-=-=-=-=-
Zdraví první armády: 410.34984510638
Zdraví druhé armády: 285
Obrana první armády: 0.12765957446809
Zdraví druhé armády: 0.1
-=-=-=-=-=-=-=-=-=-=-=-=-  16. kolo  -=-=-=-=-=-=-=-=-=-=-=-=-
Zdraví první armády: 384.49367489362
Zdraví druhé armády: 254.04
Obrana první armády: 0.12765957446809
Zdraví druhé armády: 0.1
-=-=-=-=-=-=-=-=-=-=-=-=-  17. kolo  -=-=-=-=-=-=-=-=-=-=-=-=-
Zdraví první armády: 354.4607387234
Zdraví druhé armády: 240.9
Obrana první armády: 0.12765957446809
Zdraví druhé armády: 0.1
-=-=-=-=-=-=-=-=-=-=-=-=-  18. kolo  -=-=-=-=-=-=-=-=-=-=-=-=-
Zdraví první armády: 320.05214297872
Zdraví druhé armády: 228.12
Obrana první armády: 0.12765957446809
Zdraví druhé armády: 0.1
-=-=-=-=-=-=-=-=-=-=-=-=-  19. kolo  -=-=-=-=-=-=-=-=-=-=-=-=-
Zdraví první armády: 310.10746212766
Zdraví druhé armády: 218.22
Obrana první armády: 0.12765957446809
Zdraví druhé armády: 0.1
-=-=-=-=-=-=-=-=-=-=-=-=-  20. kolo  -=-=-=-=-=-=-=-=-=-=-=-=-
Zdraví první armády: 278.88116425532
Zdraví druhé armády: 205.62
Obrana první armády: 0.12765957446809
Zdraví druhé armády: 0.1
-=-=-=-=-=-=-=-=-=-=-=-=-  21. kolo  -=-=-=-=-=-=-=-=-=-=-=-=-
Zdraví první armády: 271.52210042553
Zdraví druhé armády: 179.88
Obrana první armády: 0.12765957446809
Zdraví druhé armády: 0.1
-=-=-=-=-=-=-=-=-=-=-=-=-  22. kolo  -=-=-=-=-=-=-=-=-=-=-=-=-
Zdraví první armády: 245.66593021277
Zdraví druhé armády: 170.88
Obrana první armády: 0.12765957446809
Zdraví druhé armády: 0.1
-=-=-=-=-=-=-=-=-=-=-=-=-  23. kolo  -=-=-=-=-=-=-=-=-=-=-=-=-
Zdraví první armády: 234.92567489362
Zdraví druhé armády: 141.36
Obrana první armády: 0.12765957446809
Zdraví druhé armády: 0.1
-=-=-=-=-=-=-=-=-=-=-=-=-  24. kolo  -=-=-=-=-=-=-=-=-=-=-=-=-
Zdraví první armády: 203.69937702128
Zdraví druhé armády: 113.46
Obrana první armády: 0.12765957446809
Zdraví druhé armády: 0.1
-=-=-=-=-=-=-=-=-=-=-=-=-  25. kolo  -=-=-=-=-=-=-=-=-=-=-=-=-
Zdraví první armády: 185.2022706383
Zdraví druhé armády: 87.9
První armáda uhnula!
Obrana první armády: 0.12765957446809
Zdraví druhé armády: 0.1
-=-=-=-=-=-=-=-=-=-=-=-=-  26. kolo  -=-=-=-=-=-=-=-=-=-=-=-=-
Zdraví první armády: 182.9050493617
Zdraví druhé armády: 70.44
Obrana první armády: 0.12765957446809
Zdraví druhé armády: 0.1
-=-=-=-=-=-=-=-=-=-=-=-=-  27. kolo  -=-=-=-=-=-=-=-=-=-=-=-=-
Zdraví první armády: 150.68428340426
Zdraví druhé armády: 56.94
První armáda uhnula!
Obrana první armády: 0.12765957446809
Zdraví druhé armády: 0.1
-=-=-=-=-=-=-=-=-=-=-=-=-  28. kolo  -=-=-=-=-=-=-=-=-=-=-=-=-
Zdraví první armády: 144.10886042553
Zdraví druhé armády: 24.9
Obrana první armády: 0.12765957446809
Zdraví druhé armády: 0.1
-=-=-=-=-=-=-=-=-=-=-=-=-  29. kolo  -=-=-=-=-=-=-=-=-=-=-=-=-
Zdraví první armády: 108.50690297872
Zdraví druhé armády: 2.5799999999999
