-=-=-=-=-=-=-=-=-=-=-=-=-=-=-  Začátek souboje  -=-=-=-=-=-=-=-=-=-=-=-=-=-=-=-
Zdraví první armády na začátku: 125
Síla první armády na začátku: 15
Obrana první armády na začátku: 0.8
Obratnost první armády na začátku: 35
Šance na vyhnutí první armády: 83.333333333333
-=-=-=-=-=-=-=-=-=-=-=-=-=-=-
Zdraví druhé armády na začátku: 25
Síla druhé armády na začátku: 3
Obrana druhé armády na začátku: 0.1
Obratnost první armády na začátku: 7
Šance na vyhnutí druhé armády: 16.666666666667
-=-=-=-=-=-=-=-=-=-=-=-=-=-=-  Konec souboje  -=-=-=-=-=-=-=-=-=-=-=-=-=-=-=-
Obrana první armády: 0.8
Zdraví druhé armády: 0.1
-=-=-=-=-=-=-=-=-=-=-=-=-  0. kolo  -=-=-=-=-=-=-=-=-=-=-=-=-
Zdraví první armády: 125
Zdraví druhé armády: 25
Obrana první armády: 0.8
Zdraví druhé armády: 0.1
-=-=-=-=-=-=-=-=-=-=-=-=-  1. kolo  -=-=-=-=-=-=-=-=-=-=-=-=-
Zdraví první armády: 124.778
Zdraví druhé armády: 23.11
Obrana první armády: 0.8
Zdraví druhé armády: 0.1
-=-=-=-=-=-=-=-=-=-=-=-=-  2. kolo  -=-=-=-=-=-=-=-=-=-=-=-=-
Zdraví první armády: 124.7072
Zdraví druhé armády: 21.679
Obrana první armády: 0.8
Zdraví druhé armády: 0.1
-=-=-=-=-=-=-=-=-=-=-=-=-  3. kolo  -=-=-=-=-=-=-=-=-=-=-=-=-
Zdraví první armády: 124.6004
Zdraví druhé armády: 17.305
První armáda uhnula!
Obrana první armády: 0.8
Zdraví druhé armády: 0.1
-=-=-=-=-=-=-=-=-=-=-=-=-  4. kolo  -=-=-=-=-=-=-=-=-=-=-=-=-
Zdraví první armády: 124.58186
Zdraví druhé armády: 15.469
Obrana první armády: 0.8
Zdraví druhé armády: 0.1
-=-=-=-=-=-=-=-=-=-=-=-=-  5. kolo  -=-=-=-=-=-=-=-=-=-=-=-=-
Zdraví první armády: 124.41026
Zdraví druhé armády: 14.119
Obrana první armády: 0.8
Zdraví druhé armády: 0.1
-=-=-=-=-=-=-=-=-=-=-=-=-  6. kolo  -=-=-=-=-=-=-=-=-=-=-=-=-
Zdraví první armády: 124.25426
Zdraví druhé armády: 10.447
Obrana první armády: 0.8
Zdraví druhé armády: 0.1
-=-=-=-=-=-=-=-=-=-=-=-=-  7. kolo  -=-=-=-=-=-=-=-=-=-=-=-=-
Zdraví první armády: 124.09826
Zdraví druhé armády: 8.233
Obrana první armády: 0.8
Zdraví druhé armády: 0.1
-=-=-=-=-=-=-=-=-=-=-=-=-  8. kolo  -=-=-=-=-=-=-=-=-=-=-=-=-
Zdraví první armády: 123.96386
Zdraví druhé armády: 3.562
První armáda uhnula!
Obrana první armády: 0.8
Zdraví druhé armády: 0.1
-=-=-=-=-=-=-=-=-=-=-=-=-  9. kolo  -=-=-=-=-=-=-=-=-=-=-=-=-
Zdraví první armády: 123.9281
Zdraví druhé armády: 1.051
