-=-=-=-=-=-=-=-=-=-=-=-=-=-=-  Začátek souboje  -=-=-=-=-=-=-=-=-=-=-=-=-=-=-=-
Zdraví první armády na začátku: 150
Síla první armády na začátku: 40
Obrana první armády na začátku: 0.1
Obratnost první armády na začátku: 40
Šance na vyhnutí první armády: 45.454545454545
-=-=-=-=-=-=-=-=-=-=-=-=-=-=-
Zdraví druhé armády na začátku: 180
Síla druhé armády na začátku: 48
Obrana druhé armády na začátku: 0.16666666666667
Obratnost první armády na začátku: 48
Šance na vyhnutí druhé armády: 54.545454545455
-=-=-=-=-=-=-=-=-=-=-=-=-=-=-  Konec souboje  -=-=-=-=-=-=-=-=-=-=-=-=-=-=-=-
Obrana první armády: 0.1
Zdraví druhé armády: 0.16666666666667
-=-=-=-=-=-=-=-=-=-=-=-=-  0. kolo  -=-=-=-=-=-=-=-=-=-=-=-=-
Zdraví první armády: 150
Zdraví druhé armády: 180
Obrana první armády: 0.1
Zdraví druhé armády: 0.16666666666667
-=-=-=-=-=-=-=-=-=-=-=-=-  1. kolo  -=-=-=-=-=-=-=-=-=-=-=-=-
Zdraví první armády: 141.5328
Zdraví druhé armády: 177.33333333333
První armáda uhnula!
Obrana první armády: 0.1
Zdraví druhé armády: 0.16666666666667
-=-=-=-=-=-=-=-=-=-=-=-=-  2. kolo  -=-=-=-=-=-=-=-=-=-=-=-=-
Zdraví první armády: 139.052256
Zdraví druhé armády: 174.93333333333
První armáda uhnula!
Obrana první armády: 0.1
Zdraví druhé armády: 0.16666666666667
-=-=-=-=-=-=-=-=-=-=-=-=-  3. kolo  -=-=-=-=-=-=-=-=-=-=-=-=-
Zdraví první armády: 136.721184
Zdraví druhé armády: 170.33333333333
První armáda uhnula!
Obrana první armády: 0.1
Zdraví druhé armády: 0.16666666666667
-=-=-=-=-=-=-=-=-=-=-=-=-  4. kolo  -=-=-=-=-=-=-=-=-=-=-=-=-
Zdraví první armády: 135.767328
Zdraví druhé armády: 166.13333333333
Obrana první armády: 0.1
Zdraví druhé armády: 0.16666666666667
-=-=-=-=-=-=-=-=-=-=-=-=-  5. kolo  -=-=-=-=-=-=-=-=-=-=-=-=-
Zdraví první armády: 130.151328
Zdraví druhé armády: 158.8
Obrana první armády: 0.1
Zdraví druhé armády: 0.16666666666667
-=-=-=-=-=-=-=-=-=-=-=-=-  6. kolo  -=-=-=-=-=-=-=-=-=-=-=-=-
Zdraví první armády: 126.695328
Zdraví druhé armády: 153.06666666667
První armáda uhnula!
Obrana první armády: 0.1
Zdraví druhé armády: 0.16666666666667
-=-=-=-=-=-=-=-=-=-=-=-=-  7. kolo  -=-=-=-=-=-=-=-=-=-=-=-=-
Zdraví první armády: 125.204928
Zdraví druhé armády: 149.66666666667
Obrana první armády: 0.1
Zdraví druhé armády: 0.16666666666667
-=-=-=-=-=-=-=-=-=-=-=-=-  8. kolo  -=-=-=-=-=-=-=-=-=-=-=-=-
Zdraví první armády: 115.355328
Zdraví druhé armády: 144.26666666667
Obrana první armády: 0.1
Zdraví druhé armády: 0.16666666666667
-=-=-=-=-=-=-=-=-=-=-=-=-  9. kolo  -=-=-=-=-=-=-=-=-=-=-=-=-
Zdraví první armády: 112.331328
Zdraví druhé armády: 140.93333333333
Obrana první armády: 0.1
Zdraví druhé armády: 0.16666666666667
-=-=-=-=-=-=-=-=-=-=-=-=-  10. kolo  -=-=-=-=-=-=-=-=-=-=-=-=-
Zdraví první armády: 108.529728
Zdraví druhé armády: 136.26666666667
První armáda uhnula!
Obrana první armády: 0.1
Zdraví druhé armády: 0.16666666666667
-=-=-=-=-=-=-=-=-=-=-=-=-  11. kolo  -=-=-=-=-=-=-=-=-=-=-=-=-
Zdraví první armády: 107.013408
Zdraví druhé armády: 131.33333333333
Obrana první armády: 0.1
Zdraví druhé armády: 0.16666666666667
-=-=-=-=-=-=-=-=-=-=-=-=-  12. kolo  -=-=-=-=-=-=-=-=-=-=-=-=-
Zdraví první armády: 98.805408
Zdraví druhé armády: 127.13333333333
Obrana první armády: 0.1
Zdraví druhé armády: 0.16666666666667
-=-=-=-=-=-=-=-=-=-=-=-=-  13. kolo  -=-=-=-=-=-=-=-=-=-=-=-=-
Zdraví první armády: 91.547808
Zdraví druhé armády: 120.13333333333
Obrana první armády: 0.1
Zdraví druhé armády: 0.16666666666667
-=-=-=-=-=-=-=-=-=-=-=-=-  14. kolo  -=-=-=-=-=-=-=-=-=-=-=-=-
Zdraví první armády: 88.264608
Zdraví druhé armády: 112.53333333333
Obrana první armády: 0.1
Zdraví druhé armády: 0.16666666666667
-=-=-=-=-=-=-=-=-=-=-=-=-  15. kolo  -=-=-=-=-=-=-=-=-=-=-=-=-
Zdraví první armády: 78.328608
Zdraví druhé armády: 109.86666666667
Obrana první armády: 0.1
Zdraví druhé armády: 0.16666666666667
-=-=-=-=-=-=-=-=-=-=-=-=-  16. kolo  -=-=-=-=-=-=-=-=-=-=-=-=-
Zdraví první armády: 74.008608
Zdraví druhé armády: 104.86666666667
První armáda uhnula!
Obrana první armády: 0.1
Zdraví druhé armády: 0.16666666666667
-=-=-=-=-=-=-=-=-=-=-=-=-  17. kolo  -=-=-=-=-=-=-=-=-=-=-=-=-
Zdraví první armády: 72.39984
Zdraví druhé armády: 99
Obrana první armády: 0.1
Zdraví druhé armády: 0.16666666666667
-=-=-=-=-=-=-=-=-=-=-=-=-  18. kolo  -=-=-=-=-=-=-=-=-=-=-=-=-
Zdraví první armády: 67.99344
Zdraví druhé armády: 92.266666666667
Obrana první armády: 0.1
Zdraví druhé armády: 0.16666666666667
-=-=-=-=-=-=-=-=-=-=-=-=-  19. kolo  -=-=-=-=-=-=-=-=-=-=-=-=-
Zdraví první armády: 63.06864
Zdraví druhé armády: 88.933333333333
První armáda uhnula!
Obrana první armády: 0.1
Zdraví druhé armády: 0.16666666666667
-=-=-=-=-=-=-=-=-=-=-=-=-  20. kolo  -=-=-=-=-=-=-=-=-=-=-=-=-
Zdraví první armády: 60.607968
Zdraví druhé armády: 81.4
První armáda uhnula!
Obrana první armády: 0.1
Zdraví druhé armády: 0.16666666666667
-=-=-=-=-=-=-=-=-=-=-=-=-  21. kolo  -=-=-=-=-=-=-=-=-=-=-=-=-
Zdraví první armády: 59.073504
Zdraví druhé armády: 75.666666666667
Obrana první armády: 0.1
Zdraví druhé armády: 0.16666666666667
-=-=-=-=-=-=-=-=-=-=-=-=-  22. kolo  -=-=-=-=-=-=-=-=-=-=-=-=-
Zdraví první armády: 50.001504
Zdraví druhé armády: 69.6
První armáda uhnula!
Obrana první armády: 0.1
Zdraví druhé armády: 0.16666666666667
-=-=-=-=-=-=-=-=-=-=-=-=-  23. kolo  -=-=-=-=-=-=-=-=-=-=-=-=-
Zdraví první armády: 48.290784
Zdraví druhé armády: 64.466666666667
Obrana první armády: 0.1
Zdraví druhé armády: 0.16666666666667
-=-=-=-=-=-=-=-=-=-=-=-=-  24. kolo  -=-=-=-=-=-=-=-=-=-=-=-=-
Zdraví první armády: 40.082784
Zdraví druhé armády: 60.666666666667
Obrana první armády: 0.1
Zdraví druhé armády: 0.16666666666667
-=-=-=-=-=-=-=-=-=-=-=-=-  25. kolo  -=-=-=-=-=-=-=-=-=-=-=-=-
Zdraví první armády: 32.825184
Zdraví druhé armády: 55.866666666667
První armáda uhnula!
Obrana první armády: 0.1
Zdraví druhé armády: 0.16666666666667
-=-=-=-=-=-=-=-=-=-=-=-=-  26. kolo  -=-=-=-=-=-=-=-=-=-=-=-=-
Zdraví první armády: 29.973984
Zdraví druhé armády: 49.6
První armáda uhnula!
Obrana první armády: 0.1
Zdraví druhé armády: 0.16666666666667
-=-=-=-=-=-=-=-=-=-=-=-=-  27. kolo  -=-=-=-=-=-=-=-=-=-=-=-=-
Zdraví první armády: 27.094272
Zdraví druhé armády: 46.666666666667
Obrana první armády: 0.1
Zdraví druhé armády: 0.16666666666667
-=-=-=-=-=-=-=-=-=-=-=-=-  28. kolo  -=-=-=-=-=-=-=-=-=-=-=-=-
Zdraví první armády: 20.355072
Zdraví druhé armády: 42.533333333333
První armáda uhnula!
Obrana první armády: 0.1
Zdraví druhé armády: 0.16666666666667
-=-=-=-=-=-=-=-=-=-=-=-=-  29. kolo  -=-=-=-=-=-=-=-=-=-=-=-=-
Zdraví první armády: 18.843072
Zdraví druhé armády: 39.933333333333
První armáda uhnula!
Obrana první armády: 0.1
Zdraví druhé armády: 0.16666666666667
-=-=-=-=-=-=-=-=-=-=-=-=-  30. kolo  -=-=-=-=-=-=-=-=-=-=-=-=-
Zdraví první armády: 17.53152
Zdraví druhé armády: 34.666666666667
První armáda uhnula!
Obrana první armády: 0.1
Zdraví druhé armády: 0.16666666666667
-=-=-=-=-=-=-=-=-=-=-=-=-  31. kolo  -=-=-=-=-=-=-=-=-=-=-=-=-
Zdraví první armády: 14.338176
Zdraví druhé armády: 28.733333333333
První armáda uhnula!
Obrana první armády: 0.1
Zdraví druhé armády: 0.16666666666667
-=-=-=-=-=-=-=-=-=-=-=-=-  32. kolo  -=-=-=-=-=-=-=-=-=-=-=-=-
Zdraví první armády: 11.56992
Zdraví druhé armády: 23.866666666667
Obrana první armády: 0.1
Zdraví druhé armády: 0.16666666666667
-=-=-=-=-=-=-=-=-=-=-=-=-  33. kolo  -=-=-=-=-=-=-=-=-=-=-=-=-
Zdraví první armády: 8.37312
Zdraví druhé armády: 18.533333333333
Obrana první armády: 0.1
Zdraví druhé armády: 0.16666666666667
-=-=-=-=-=-=-=-=-=-=-=-=-  34. kolo  -=-=-=-=-=-=-=-=-=-=-=-=-
Zdraví první armády: 4.05312
Zdraví druhé armády: 14.2
První armáda uhnula!
