-=-=-=-=-=-=-=-=-=-=-=-=-=-=-  Začátek souboje  -=-=-=-=-=-=-=-=-=-=-=-=-=-=-=-
Zdraví první armády na začátku: 150
Síla první armády na začátku: 40
Obrana první armády na začátku: 0.1
Obratnost první armády na začátku: 40
Šance na vyhnutí první armády: 50
-=-=-=-=-=-=-=-=-=-=-=-=-=-=-
Zdraví druhé armády na začátku: 150
Síla druhé armády na začátku: 40
Obrana druhé armády na začátku: 0.1
Obratnost první armády na začátku: 40
Šance na vyhnutí druhé armády: 50
-=-=-=-=-=-=-=-=-=-=-=-=-=-=-  Konec souboje  -=-=-=-=-=-=-=-=-=-=-=-=-=-=-=-
Obrana první armády: 0.1
Zdraví druhé armády: 0.1
-=-=-=-=-=-=-=-=-=-=-=-=-  0. kolo  -=-=-=-=-=-=-=-=-=-=-=-=-
Zdraví první armády: 150
Zdraví druhé armády: 150
Druhá armáda uhnula!
Obrana první armády: 0.1
Zdraví druhé armády: 0.1
-=-=-=-=-=-=-=-=-=-=-=-=-  1. kolo  -=-=-=-=-=-=-=-=-=-=-=-=-
Zdraví první armády: 142.872
Zdraví druhé armády: 148.6176
Obrana první armády: 0.1
Zdraví druhé armády: 0.1
-=-=-=-=-=-=-=-=-=-=-=-=-  2. kolo  -=-=-=-=-=-=-=-=-=-=-=-=-
Zdraví první armády: 137.328
Zdraví druhé armády: 140.4096
Obrana první armády: 0.1
Zdraví druhé armády: 0.1
-=-=-=-=-=-=-=-=-=-=-=-=-  3. kolo  -=-=-=-=-=-=-=-=-=-=-=-=-
Zdraví první armády: 128.76
Zdraví druhé armády: 134.2896
Druhá armáda uhnula!
Obrana první armády: 0.1
Zdraví druhé armády: 0.1
-=-=-=-=-=-=-=-=-=-=-=-=-  4. kolo  -=-=-=-=-=-=-=-=-=-=-=-=-
Zdraví první armády: 122.712
Zdraví druhé armády: 132.09504
Obrana první armády: 0.1
Zdraví druhé armády: 0.1
-=-=-=-=-=-=-=-=-=-=-=-=-  5. kolo  -=-=-=-=-=-=-=-=-=-=-=-=-
Zdraví první armády: 113.64
Zdraví druhé armády: 125.03904
Obrana první armády: 0.1
Zdraví druhé armády: 0.1
-=-=-=-=-=-=-=-=-=-=-=-=-  6. kolo  -=-=-=-=-=-=-=-=-=-=-=-=-
Zdraví první armády: 106.8
Zdraví druhé armády: 115.82304
Obrana první armády: 0.1
Zdraví druhé armády: 0.1
-=-=-=-=-=-=-=-=-=-=-=-=-  7. kolo  -=-=-=-=-=-=-=-=-=-=-=-=-
Zdraví první armády: 98.736
Zdraví druhé armády: 107.11104
Obrana první armády: 0.1
Zdraví druhé armády: 0.1
-=-=-=-=-=-=-=-=-=-=-=-=-  8. kolo  -=-=-=-=-=-=-=-=-=-=-=-=-
Zdraví první armády: 92.472
Zdraví druhé armády: 97.96704
Obrana první armády: 0.1
Zdraví druhé armády: 0.1
-=-=-=-=-=-=-=-=-=-=-=-=-  9. kolo  -=-=-=-=-=-=-=-=-=-=-=-=-
Zdraví první armády: 82.752
Zdraví druhé armády: 88.60704
Obrana první armády: 0.1
Zdraví druhé armády: 0.1
-=-=-=-=-=-=-=-=-=-=-=-=-  10. kolo  -=-=-=-=-=-=-=-=-=-=-=-=-
Zdraví první armády: 76.2
Zdraví druhé armády: 80.68704
První armáda uhnula!
Obrana první armády: 0.1
Zdraví druhé armády: 0.1
-=-=-=-=-=-=-=-=-=-=-=-=-  11. kolo  -=-=-=-=-=-=-=-=-=-=-=-=-
Zdraví první armády: 75.05952
Zdraví druhé armády: 72.04704
Obrana první armády: 0.1
Zdraví druhé armády: 0.1
-=-=-=-=-=-=-=-=-=-=-=-=-  12. kolo  -=-=-=-=-=-=-=-=-=-=-=-=-
Zdraví první armády: 67.78752
Zdraví druhé armády: 63.19104
První armáda uhnula!
Obrana první armády: 0.1
Zdraví druhé armády: 0.1
-=-=-=-=-=-=-=-=-=-=-=-=-  13. kolo  -=-=-=-=-=-=-=-=-=-=-=-=-
Zdraví první armády: 66.68592
Zdraví druhé armády: 57.57504
První armáda uhnula!
Obrana první armády: 0.1
Zdraví druhé armády: 0.1
-=-=-=-=-=-=-=-=-=-=-=-=-  14. kolo  -=-=-=-=-=-=-=-=-=-=-=-=-
Zdraví první armády: 64.97592
Zdraví druhé armády: 49.94304
Obrana první armády: 0.1
Zdraví druhé armády: 0.1
-=-=-=-=-=-=-=-=-=-=-=-=-  15. kolo  -=-=-=-=-=-=-=-=-=-=-=-=-
Zdraví první armády: 55.61592
Zdraví druhé armády: 42.38304
Druhá armáda uhnula!
Obrana první armády: 0.1
Zdraví druhé armády: 0.1
-=-=-=-=-=-=-=-=-=-=-=-=-  16. kolo  -=-=-=-=-=-=-=-=-=-=-=-=-
Zdraví první armády: 49.99992
Zdraví druhé armády: 40.43904
Obrana první armády: 0.1
Zdraví druhé armády: 0.1
-=-=-=-=-=-=-=-=-=-=-=-=-  17. kolo  -=-=-=-=-=-=-=-=-=-=-=-=-
Zdraví první armády: 44.59992
Zdraví druhé armády: 32.37504
Obrana první armády: 0.1
Zdraví druhé armády: 0.1
-=-=-=-=-=-=-=-=-=-=-=-=-  18. kolo  -=-=-=-=-=-=-=-=-=-=-=-=-
Zdraví první armády: 36.17592
Zdraví druhé armády: 23.80704
Druhá armáda uhnula!
Obrana první armády: 0.1
Zdraví druhé armády: 0.1
-=-=-=-=-=-=-=-=-=-=-=-=-  19. kolo  -=-=-=-=-=-=-=-=-=-=-=-=-
Zdraví první armády: 29.91192
Zdraví druhé armády: 21.5952
Obrana první armády: 0.1
Zdraví druhé armády: 0.1
-=-=-=-=-=-=-=-=-=-=-=-=-  20. kolo  -=-=-=-=-=-=-=-=-=-=-=-=-
Zdraví první armády: 20.98392
Zdraví druhé armády: 16.1232
První armáda uhnula!
Obrana první armády: 0.1
Zdraví druhé armády: 0.1
-=-=-=-=-=-=-=-=-=-=-=-=-  21. kolo  -=-=-=-=-=-=-=-=-=-=-=-=-
Zdraví první armády: 19.95792
Zdraví druhé armády: 7.1952
