-=-=-=-=-=-=-=-=-=-=-=-=-=-=-  Začátek souboje  -=-=-=-=-=-=-=-=-=-=-=-=-=-=-=-
Zdraví první armády na začátku: 150
Síla první armády na začátku: 40
Obrana první armády na začátku: 0.1
Obratnost první armády na začátku: 40
Šance na vyhnutí první armády: 50
-=-=-=-=-=-=-=-=-=-=-=-=-=-=-
Zdraví druhé armády na začátku: 150
Síla druhé armády na začátku: 40
Obrana druhé armády na začátku: 0.1
Obratnost první armády na začátku: 40
Šance na vyhnutí druhé armády: 50
-=-=-=-=-=-=-=-=-=-=-=-=-=-=-  Konec souboje  -=-=-=-=-=-=-=-=-=-=-=-=-=-=-=-
Obrana první armády: 0.1
Zdraví druhé armády: 0.1
-=-=-=-=-=-=-=-=-=-=-=-=-  0. kolo  -=-=-=-=-=-=-=-=-=-=-=-=-
Zdraví první armády: 150
Zdraví druhé armády: 150
První armáda uhnula!
Obrana první armády: 0.1
Zdraví druhé armády: 0.1
-=-=-=-=-=-=-=-=-=-=-=-=-  1. kolo  -=-=-=-=-=-=-=-=-=-=-=-=-
Zdraví první armády: 148.812
Zdraví druhé armády: 145.032
První armáda uhnula!
Druhá armáda uhnula!
Obrana první armády: 0.1
Zdraví druhé armády: 0.1
-=-=-=-=-=-=-=-=-=-=-=-=-  2. kolo  -=-=-=-=-=-=-=-=-=-=-=-=-
Zdraví první armády: 148.0164
Zdraví druhé armády: 143.952
Obrana první armády: 0.1
Zdraví druhé armády: 0.1
-=-=-=-=-=-=-=-=-=-=-=-=-  3. kolo  -=-=-=-=-=-=-=-=-=-=-=-=-
Zdraví první armády: 144.8484
Zdraví druhé armády: 140.568
První armáda uhnula!
Druhá armáda uhnula!
Obrana první armády: 0.1
Zdraví druhé armády: 0.1
-=-=-=-=-=-=-=-=-=-=-=-=-  4. kolo  -=-=-=-=-=-=-=-=-=-=-=-=-
Zdraví první armády: 142.13976
Zdraví druhé armády: 139.39584
Obrana první armády: 0.1
Zdraví druhé armády: 0.1
-=-=-=-=-=-=-=-=-=-=-=-=-  5. kolo  -=-=-=-=-=-=-=-=-=-=-=-=-
Zdraví první armády: 139.04376
Zdraví druhé armády: 131.83584
Obrana první armády: 0.1
Zdraví druhé armády: 0.1
-=-=-=-=-=-=-=-=-=-=-=-=-  6. kolo  -=-=-=-=-=-=-=-=-=-=-=-=-
Zdraví první armády: 134.57976
Zdraví druhé armády: 126.07584
Obrana první armády: 0.1
Zdraví druhé armády: 0.1
-=-=-=-=-=-=-=-=-=-=-=-=-  7. kolo  -=-=-=-=-=-=-=-=-=-=-=-=-
Zdraví první armády: 129.03576
Zdraví druhé armády: 118.08384
První armáda uhnula!
Druhá armáda uhnula!
Obrana první armády: 0.1
Zdraví druhé armády: 0.1
-=-=-=-=-=-=-=-=-=-=-=-=-  8. kolo  -=-=-=-=-=-=-=-=-=-=-=-=-
Zdraví první armády: 128.27256
Zdraví druhé armády: 117.0924
Obrana první armády: 0.1
Zdraví druhé armády: 0.1
-=-=-=-=-=-=-=-=-=-=-=-=-  9. kolo  -=-=-=-=-=-=-=-=-=-=-=-=-
Zdraví první armády: 122.08056
Zdraví druhé armády: 111.4044
Obrana první armády: 0.1
Zdraví druhé armády: 0.1
-=-=-=-=-=-=-=-=-=-=-=-=-  10. kolo  -=-=-=-=-=-=-=-=-=-=-=-=-
Zdraví první armády: 119.20056
Zdraví druhé armády: 108.8844
První armáda uhnula!
Obrana první armády: 0.1
Zdraví druhé armády: 0.1
-=-=-=-=-=-=-=-=-=-=-=-=-  11. kolo  -=-=-=-=-=-=-=-=-=-=-=-=-
Zdraví první armády: 117.02328
Zdraví druhé armády: 101.4684
První armáda uhnula!
Druhá armáda uhnula!
Obrana první armády: 0.1
Zdraví druhé armády: 0.1
-=-=-=-=-=-=-=-=-=-=-=-=-  12. kolo  -=-=-=-=-=-=-=-=-=-=-=-=-
Zdraví první armády: 115.6236
Zdraví druhé armády: 99.85272
Obrana první armády: 0.1
Zdraví druhé armády: 0.1
-=-=-=-=-=-=-=-=-=-=-=-=-  13. kolo  -=-=-=-=-=-=-=-=-=-=-=-=-
Zdraví první armády: 110.9436
Zdraví druhé armády: 96.75672
První armáda uhnula!
Druhá armáda uhnula!
Obrana první armády: 0.1
Zdraví druhé armády: 0.1
-=-=-=-=-=-=-=-=-=-=-=-=-  14. kolo  -=-=-=-=-=-=-=-=-=-=-=-=-
Zdraví první armády: 109.806
Zdraví druhé armády: 95.34768
První armáda uhnula!
Druhá armáda uhnula!
Obrana první armády: 0.1
Zdraví druhé armády: 0.1
-=-=-=-=-=-=-=-=-=-=-=-=-  15. kolo  -=-=-=-=-=-=-=-=-=-=-=-=-
Zdraví první armády: 109.0752
Zdraví druhé armády: 93.72984
První armáda uhnula!
Druhá armáda uhnula!
Obrana první armády: 0.1
Zdraví druhé armády: 0.1
-=-=-=-=-=-=-=-=-=-=-=-=-  16. kolo  -=-=-=-=-=-=-=-=-=-=-=-=-
Zdraví první armády: 107.36232
Zdraví druhé armády: 92.97384
Druhá armáda uhnula!
Obrana první armády: 0.1
Zdraví druhé armády: 0.1
-=-=-=-=-=-=-=-=-=-=-=-=-  17. kolo  -=-=-=-=-=-=-=-=-=-=-=-=-
Zdraví první armády: 100.23432
Zdraví druhé armády: 90.80808
Obrana první armády: 0.1
Zdraví druhé armády: 0.1
-=-=-=-=-=-=-=-=-=-=-=-=-  18. kolo  -=-=-=-=-=-=-=-=-=-=-=-=-
Zdraví první armády: 94.90632
Zdraví druhé armády: 82.81608
Obrana první armády: 0.1
Zdraví druhé armády: 0.1
-=-=-=-=-=-=-=-=-=-=-=-=-  19. kolo  -=-=-=-=-=-=-=-=-=-=-=-=-
Zdraví první armády: 87.13032
Zdraví druhé armády: 79.72008
První armáda uhnula!
Druhá armáda uhnula!
Obrana první armády: 0.1
Zdraví druhé armády: 0.1
-=-=-=-=-=-=-=-=-=-=-=-=-  20. kolo  -=-=-=-=-=-=-=-=-=-=-=-=-
Zdraví první armády: 84.80832
Zdraví druhé armády: 77.7156
Obrana první armády: 0.1
Zdraví druhé armády: 0.1
-=-=-=-=-=-=-=-=-=-=-=-=-  21. kolo  -=-=-=-=-=-=-=-=-=-=-=-=-
Zdraví první armády: 77.68032
Zdraví druhé armády: 73.7556
Obrana první armády: 0.1
Zdraví druhé armády: 0.1
-=-=-=-=-=-=-=-=-=-=-=-=-  22. kolo  -=-=-=-=-=-=-=-=-=-=-=-=-
Zdraví první armády: 74.87232
Zdraví druhé armády: 66.7716
Obrana první armády: 0.1
Zdraví druhé armády: 0.1
-=-=-=-=-=-=-=-=-=-=-=-=-  23. kolo  -=-=-=-=-=-=-=-=-=-=-=-=-
Zdraví první armády: 69.68832
Zdraví druhé armády: 60.5796
První armáda uhnula!
Druhá armáda uhnula!
Obrana první armády: 0.1
Zdraví druhé armády: 0.1
-=-=-=-=-=-=-=-=-=-=-=-=-  24. kolo  -=-=-=-=-=-=-=-=-=-=-=-=-
Zdraví první armády: 67.66872
Zdraví druhé armády: 59.98344
Obrana první armády: 0.1
Zdraví druhé armády: 0.1
-=-=-=-=-=-=-=-=-=-=-=-=-  25. kolo  -=-=-=-=-=-=-=-=-=-=-=-=-
Zdraví první armády: 61.11672
Zdraví druhé armády: 57.24744
Obrana první armády: 0.1
Zdraví druhé armády: 0.1
-=-=-=-=-=-=-=-=-=-=-=-=-  26. kolo  -=-=-=-=-=-=-=-=-=-=-=-=-
Zdraví první armády: 58.02072
Zdraví druhé armády: 54.36744
Obrana první armády: 0.1
Zdraví druhé armády: 0.1
-=-=-=-=-=-=-=-=-=-=-=-=-  27. kolo  -=-=-=-=-=-=-=-=-=-=-=-=-
Zdraví první armády: 50.96472
Zdraví druhé armády: 50.11944
Obrana první armády: 0.1
Zdraví druhé armády: 0.1
-=-=-=-=-=-=-=-=-=-=-=-=-  28. kolo  -=-=-=-=-=-=-=-=-=-=-=-=-
Zdraví první armády: 42.68472
Zdraví druhé armády: 45.65544
Obrana první armády: 0.1
Zdraví druhé armády: 0.1
-=-=-=-=-=-=-=-=-=-=-=-=-  29. kolo  -=-=-=-=-=-=-=-=-=-=-=-=-
Zdraví první armády: 38.72472
Zdraví druhé armády: 39.10344
První armáda uhnula!
Obrana první armády: 0.1
Zdraví druhé armády: 0.1
-=-=-=-=-=-=-=-=-=-=-=-=-  30. kolo  -=-=-=-=-=-=-=-=-=-=-=-=-
Zdraví první armády: 36.8052
Zdraví druhé armády: 35.93544
První armáda uhnula!
Druhá armáda uhnula!
Obrana první armády: 0.1
Zdraví druhé armády: 0.1
-=-=-=-=-=-=-=-=-=-=-=-=-  31. kolo  -=-=-=-=-=-=-=-=-=-=-=-=-
Zdraví první armády: 34.40616
Zdraví druhé armády: 34.26288
Obrana první armády: 0.1
Zdraví druhé armády: 0.1
-=-=-=-=-=-=-=-=-=-=-=-=-  32. kolo  -=-=-=-=-=-=-=-=-=-=-=-=-
Zdraví první armády: 30.80616
Zdraví druhé armády: 31.38288
Obrana první armády: 0.1
Zdraví druhé armády: 0.1
-=-=-=-=-=-=-=-=-=-=-=-=-  33. kolo  -=-=-=-=-=-=-=-=-=-=-=-=-
Zdraví první armády: 24.18216
Zdraví druhé armády: 27.78288
Obrana první armády: 0.1
Zdraví druhé armády: 0.1
-=-=-=-=-=-=-=-=-=-=-=-=-  34. kolo  -=-=-=-=-=-=-=-=-=-=-=-=-
Zdraví první armády: 20.15016
Zdraví druhé armády: 23.82288
Druhá armáda uhnula!
Obrana první armády: 0.1
Zdraví druhé armády: 0.1
-=-=-=-=-=-=-=-=-=-=-=-=-  35. kolo  -=-=-=-=-=-=-=-=-=-=-=-=-
Zdraví první armády: 15.39816
Zdraví druhé armády: 23.43408
Obrana první armády: 0.1
Zdraví druhé armády: 0.1
-=-=-=-=-=-=-=-=-=-=-=-=-  36. kolo  -=-=-=-=-=-=-=-=-=-=-=-=-
Zdraví první armády: 8.63016
Zdraví druhé armády: 20.05008
Obrana první armády: 0.1
Zdraví druhé armády: 0.1
-=-=-=-=-=-=-=-=-=-=-=-=-  37. kolo  -=-=-=-=-=-=-=-=-=-=-=-=-
Zdraví první armády: 1.14216
Zdraví druhé armády: 13.93008
Druhá armáda uhnula!
