-=-=-=-=-=-=-=-=-=-=-=-=-=-=-  Začátek souboje  -=-=-=-=-=-=-=-=-=-=-=-=-=-=-=-
Zdraví první armády na začátku: 150
Síla první armády na začátku: 40
Obrana první armády na začátku: 0.090909090909091
Obratnost první armády na začátku: 40
Šance na vyhnutí první armády: 47.619047619048
-=-=-=-=-=-=-=-=-=-=-=-=-=-=-
Zdraví druhé armády na začátku: 165
Síla druhé armády na začátku: 44
Obrana druhé armády na začátku: 0.1
Obratnost první armády na začátku: 44
Šance na vyhnutí druhé armády: 52.380952380952
-=-=-=-=-=-=-=-=-=-=-=-=-=-=-  Konec souboje  -=-=-=-=-=-=-=-=-=-=-=-=-=-=-=-
Obrana první armády: 0.090909090909091
Zdraví druhé armády: 0.1
-=-=-=-=-=-=-=-=-=-=-=-=-  0. kolo  -=-=-=-=-=-=-=-=-=-=-=-=-
Zdraví první armády: 150
Zdraví druhé armády: 165
Obrana první armády: 0.090909090909091
Zdraví druhé armády: 0.1
-=-=-=-=-=-=-=-=-=-=-=-=-  1. kolo  -=-=-=-=-=-=-=-=-=-=-=-=-
Zdraví první armády: 141.52
Zdraví druhé armády: 155.712
První armáda uhnula!
Obrana první armády: 0.090909090909091
Zdraví druhé armády: 0.1
-=-=-=-=-=-=-=-=-=-=-=-=-  2. kolo  -=-=-=-=-=-=-=-=-=-=-=-=-
Zdraví první armády: 140.008
Zdraví druhé armády: 148.296
Obrana první armády: 0.090909090909091
Zdraví druhé armády: 0.1
-=-=-=-=-=-=-=-=-=-=-=-=-  3. kolo  -=-=-=-=-=-=-=-=-=-=-=-=-
Zdraví první armády: 133.528
Zdraví druhé armády: 139.008
Obrana první armády: 0.090909090909091
Zdraví druhé armády: 0.1
-=-=-=-=-=-=-=-=-=-=-=-=-  4. kolo  -=-=-=-=-=-=-=-=-=-=-=-=-
Zdraví první armády: 123.848
Zdraví druhé armády: 129.648
První armáda uhnula!
Obrana první armády: 0.090909090909091
Zdraví druhé armády: 0.1
-=-=-=-=-=-=-=-=-=-=-=-=-  5. kolo  -=-=-=-=-=-=-=-=-=-=-=-=-
Zdraví první armády: 122.1056
Zdraví druhé armády: 121.152
Obrana první armády: 0.090909090909091
Zdraví druhé armády: 0.1
-=-=-=-=-=-=-=-=-=-=-=-=-  6. kolo  -=-=-=-=-=-=-=-=-=-=-=-=-
Zdraví první armády: 112.8256
Zdraví druhé armády: 111.432
První armáda uhnula!
Obrana první armády: 0.090909090909091
Zdraví druhé armády: 0.1
-=-=-=-=-=-=-=-=-=-=-=-=-  7. kolo  -=-=-=-=-=-=-=-=-=-=-=-=-
Zdraví první armády: 111.3296
Zdraví druhé armády: 104.16
Obrana první armády: 0.090909090909091
Zdraví druhé armády: 0.1
-=-=-=-=-=-=-=-=-=-=-=-=-  8. kolo  -=-=-=-=-=-=-=-=-=-=-=-=-
Zdraví první armády: 100.6896
Zdraví druhé armády: 98.184
Obrana první armády: 0.090909090909091
Zdraví druhé armády: 0.1
-=-=-=-=-=-=-=-=-=-=-=-=-  9. kolo  -=-=-=-=-=-=-=-=-=-=-=-=-
Zdraví první armády: 93.9696
Zdraví druhé armády: 90.624
Obrana první armády: 0.090909090909091
Zdraví druhé armády: 0.1
-=-=-=-=-=-=-=-=-=-=-=-=-  10. kolo  -=-=-=-=-=-=-=-=-=-=-=-=-
Zdraví první armády: 86.0496
Zdraví druhé armády: 82.848
Obrana první armády: 0.090909090909091
Zdraví druhé armády: 0.1
-=-=-=-=-=-=-=-=-=-=-=-=-  11. kolo  -=-=-=-=-=-=-=-=-=-=-=-=-
Zdraví první armády: 76.3696
Zdraví druhé armády: 74.784
První armáda uhnula!
Obrana první armády: 0.090909090909091
Zdraví druhé armády: 0.1
-=-=-=-=-=-=-=-=-=-=-=-=-  12. kolo  -=-=-=-=-=-=-=-=-=-=-=-=-
Zdraví první armády: 74.0512
Zdraví druhé armády: 66.504
Obrana první armády: 0.090909090909091
Zdraví druhé armády: 0.1
-=-=-=-=-=-=-=-=-=-=-=-=-  13. kolo  -=-=-=-=-=-=-=-=-=-=-=-=-
Zdraví první armády: 66.1312
Zdraví druhé armády: 60.672
Obrana první armády: 0.090909090909091
Zdraví druhé armády: 0.1
-=-=-=-=-=-=-=-=-=-=-=-=-  14. kolo  -=-=-=-=-=-=-=-=-=-=-=-=-
Zdraví první armády: 59.6512
Zdraví druhé armády: 51.312
Obrana první armády: 0.090909090909091
Zdraví druhé armády: 0.1
-=-=-=-=-=-=-=-=-=-=-=-=-  15. kolo  -=-=-=-=-=-=-=-=-=-=-=-=-
Zdraví první armády: 48.8512
Zdraví druhé armády: 42.888
Obrana první armády: 0.090909090909091
Zdraví druhé armády: 0.1
-=-=-=-=-=-=-=-=-=-=-=-=-  16. kolo  -=-=-=-=-=-=-=-=-=-=-=-=-
Zdraví první armády: 40.0512
Zdraví druhé armády: 36.624
Obrana první armády: 0.090909090909091
Zdraví druhé armády: 0.1
-=-=-=-=-=-=-=-=-=-=-=-=-  17. kolo  -=-=-=-=-=-=-=-=-=-=-=-=-
Zdraví první armády: 31.9712
Zdraví druhé armády: 29.784
Obrana první armády: 0.090909090909091
Zdraví druhé armády: 0.1
-=-=-=-=-=-=-=-=-=-=-=-=-  18. kolo  -=-=-=-=-=-=-=-=-=-=-=-=-
Zdraví první armády: 25.0912
Zdraví druhé armády: 20.712
Obrana první armády: 0.090909090909091
Zdraví druhé armády: 0.1
-=-=-=-=-=-=-=-=-=-=-=-=-  19. kolo  -=-=-=-=-=-=-=-=-=-=-=-=-
Zdraví první armády: 17.4112
Zdraví druhé armády: 11.712
První armáda uhnula!
Obrana první armády: 0.090909090909091
Zdraví druhé armády: 0.1
-=-=-=-=-=-=-=-=-=-=-=-=-  20. kolo  -=-=-=-=-=-=-=-=-=-=-=-=-
Zdraví první armády: 15.2608
Zdraví druhé armády: 3.36
První armáda uhnula!
